2026-04-10 21:30:17,444 [INFO] 서울 격자: 7695개 셀 (반경 300m, overlap 1.4x)
2026-04-10 21:30:17,447 [INFO] 크롤링 시작 
2026-04-10 21:30:17,447 [INFO]   전체 셀: 7695 | 이미 완료: 0 | 남은: 7695
2026-04-10 21:30:17,447 [INFO]   이미 수집된 식당 ID: 0개
2026-04-10 21:30:17,447 [INFO]   일일 API 한도: 90,000건
2026-04-10 21:30:17,448 [INFO]   설정: radius=300m, delay=0.35s, concurrent=5
2026-04-10 21:31:27,445 [INFO] [진행] 셀: 100/7695 (남은: 7595) | 식당: 821 (총 1080) | API: 199/90000 | DB저장: 776 | 세분화: 15 | 에러: 0 | 경과: 1.2분
2026-04-10 21:32:20,470 [INFO] [진행] 셀: 200/7695 (남은: 7495) | 식당: 1290 (총 1803) | API: 350/90000 | DB저장: 1201 | 세분화: 22 | 에러: 0 | 경과: 2.1분
2026-04-10 21:33:21,404 [INFO] [진행] 셀: 300/7695 (남은: 7395) | 식당: 1743 (총 2616) | API: 523/90000 | DB저장: 1732 | 세분화: 33 | 에러: 0 | 경과: 3.1분
2026-04-10 21:34:01,546 [INFO] [진행] 셀: 400/7695 (남은: 7295) | 식당: 1888 (총 2910) | API: 637/90000 | DB저장: 1836 | 세분화: 34 | 에러: 0 | 경과: 3.7분
2026-04-10 21:34:55,876 [INFO] [진행] 셀: 500/7695 (남은: 7195) | 식당: 2372 (총 3536) | API: 792/90000 | DB저장: 2296 | 세분화: 42 | 에러: 0 | 경과: 4.6분
2026-04-10 21:36:15,710 [INFO] [진행] 셀: 600/7695 (남은: 7095) | 식당: 3241 (총 4881) | API: 1019/90000 | DB저장: 3215 | 세분화: 63 | 에러: 0 | 경과: 6.0분
2026-04-10 21:37:27,165 [INFO] [진행] 셀: 700/7695 (남은: 6995) | 식당: 4005 (총 6197) | API: 1222/90000 | DB저장: 3970 | 세분화: 77 | 에러: 0 | 경과: 7.2분
2026-04-10 21:39:05,029 [INFO] [일시정지] 60초 쉬기 (API 호출 1500건)
2026-04-10 21:40:09,654 [INFO] [진행] 셀: 800/7695 (남은: 6895) | 식당: 5244 (총 8050) | API: 1514/90000 | DB저장: 5183 | 세분화: 108 | 에러: 0 | 경과: 9.9분
2026-04-10 21:41:47,175 [INFO] [진행] 셀: 900/7695 (남은: 6795) | 식당: 6205 (총 9892) | API: 1791/90000 | DB저장: 6141 | 세분화: 134 | 에러: 0 | 경과: 11.5분
2026-04-10 21:43:00,720 [INFO] [일시정지] 60초 쉬기 (API 호출 2000건)
2026-04-10 21:44:00,796 [INFO] [진행] 셀: 1000/7695 (남은: 6695) | 식당: 7023 (총 11204) | API: 2001/90000 | DB저장: 6999 | 세분화: 151 | 에러: 0 | 경과: 13.7분
2026-04-10 21:44:58,579 [INFO] [진행] 셀: 1100/7695 (남은: 6595) | 식당: 7508 (총 12099) | API: 2165/90000 | DB저장: 7474 | 세분화: 159 | 에러: 0 | 경과: 14.7분
2026-04-10 21:45:54,416 [INFO] [진행] 셀: 1200/7695 (남은: 6495) | 식당: 8061 (총 12892) | API: 2324/90000 | DB저장: 7994 | 세분화: 168 | 에러: 0 | 경과: 15.6분
2026-04-10 21:47:08,163 [INFO] [진행] 셀: 1300/7695 (남은: 6395) | 식당: 8748 (총 14104) | API: 2534/90000 | DB저장: 8746 | 세분화: 185 | 에러: 0 | 경과: 16.8분
2026-04-10 21:48:11,364 [INFO] [진행] 셀: 1400/7695 (남은: 6295) | 식당: 9414 (총 15128) | API: 2714/90000 | DB저장: 9414 | 세분화: 197 | 에러: 0 | 경과: 17.9분
2026-04-10 21:49:38,441 [INFO] [진행] 셀: 1500/7695 (남은: 6195) | 식당: 10566 (총 16883) | API: 2962/90000 | DB저장: 10561 | 세분화: 216 | 에러: 0 | 경과: 19.3분
2026-04-10 21:49:51,778 [INFO] [일시정지] 60초 쉬기 (API 호출 3000건)
2026-04-10 21:52:30,200 [INFO] [진행] 셀: 1600/7695 (남은: 6095) | 식당: 12026 (총 19070) | API: 3281/90000 | DB저장: 12022 | 세분화: 252 | 에러: 0 | 경과: 22.2분
2026-04-10 21:55:25,441 [INFO] [진행] 셀: 1700/7695 (남은: 5995) | 식당: 14458 (총 23019) | API: 3779/90000 | DB저장: 14446 | 세분화: 317 | 에러: 0 | 경과: 25.1분
2026-04-10 21:58:52,644 [INFO] [진행] 셀: 1800/7695 (남은: 5895) | 식당: 17721 (총 28098) | API: 4368/90000 | DB저장: 17641 | 세분화: 391 | 에러: 0 | 경과: 28.6분
2026-04-10 21:59:39,049 [INFO] [일시정지] 60초 쉬기 (API 호출 4500건)
2026-04-10 22:04:31,433 [INFO] [진행] 셀: 1900/7695 (남은: 5795) | 식당: 21868 (총 34909) | API: 5160/90000 | DB저장: 21846 | 세분화: 502 | 에러: 0 | 경과: 34.2분
2026-04-10 22:08:33,038 [INFO] [진행] 셀: 2000/7695 (남은: 5695) | 식당: 24779 (총 40360) | API: 5846/90000 | DB저장: 24779 | 세분화: 598 | 에러: 0 | 경과: 38.3분
2026-04-10 22:11:47,107 [INFO] [진행] 셀: 2100/7695 (남은: 5595) | 식당: 27615 (총 45079) | API: 6398/90000 | DB저장: 27615 | 세분화: 666 | 에러: 0 | 경과: 41.5분
2026-04-10 22:15:08,562 [INFO] [진행] 셀: 2200/7695 (남은: 5495) | 식당: 30714 (총 50186) | API: 6971/90000 | DB저장: 30623 | 세분화: 736 | 에러: 0 | 경과: 44.9분
2026-04-10 22:19:12,020 [INFO] [진행] 셀: 2300/7695 (남은: 5395) | 식당: 34122 (총 55931) | API: 7664/90000 | DB저장: 34094 | 세분화: 832 | 에러: 0 | 경과: 48.9분
2026-04-10 22:22:52,149 [INFO] [진행] 셀: 2400/7695 (남은: 5295) | 식당: 37297 (총 61141) | API: 8290/90000 | DB저장: 37236 | 세분화: 915 | 에러: 0 | 경과: 52.6분
2026-04-10 22:26:23,887 [INFO] [진행] 셀: 2500/7695 (남은: 5195) | 식당: 40200 (총 66054) | API: 8892/90000 | DB저장: 40144 | 세분화: 995 | 에러: 0 | 경과: 56.1분
2026-04-10 22:30:21,106 [INFO] [진행] 셀: 2600/7695 (남은: 5095) | 식당: 43321 (총 71615) | API: 9565/90000 | DB저장: 43321 | 세분화: 1084 | 에러: 0 | 경과: 1.0시간
2026-04-10 22:33:37,933 [INFO] [진행] 셀: 2700/7695 (남은: 4995) | 식당: 46113 (총 76448) | API: 10124/90000 | DB저장: 46113 | 세분화: 1154 | 에러: 0 | 경과: 1.1시간
2026-04-10 22:37:20,470 [INFO] [진행] 셀: 2800/7695 (남은: 4895) | 식당: 49084 (총 81597) | API: 10757/90000 | DB저장: 49064 | 세분화: 1239 | 에러: 0 | 경과: 1.1시간
2026-04-10 22:40:41,681 [INFO] [진행] 셀: 2900/7695 (남은: 4795) | 식당: 51800 (총 86330) | API: 11330/90000 | DB저장: 51749 | 세분화: 1312 | 에러: 0 | 경과: 1.2시간
2026-04-10 22:41:41,499 [INFO] [일시정지] 60초 쉬기 (API 호출 11500건)
2026-04-10 22:44:50,506 [INFO] [진행] 셀: 3000/7695 (남은: 4695) | 식당: 54210 (총 90529) | API: 11868/90000 | DB저장: 54187 | 세분화: 1381 | 에러: 0 | 경과: 1.2시간
2026-04-10 22:45:36,856 [INFO] [일시정지] 60초 쉬기 (API 호출 12000건)
2026-04-10 22:47:01,343 [ERROR] Supabase upsert 실패 (502): <html>
<head><title>502 Bad Gateway</title></head>
<body>
<center><h1>502 Bad Gateway</h1></center>
<hr><center>cloudflare</center>
</body>
</html>

2026-04-10 22:48:48,241 [INFO] [진행] 셀: 3100/7695 (남은: 4595) | 식당: 56662 (총 94540) | API: 12373/90000 | DB저장: 56603 | 세분화: 1445 | 에러: 1 | 경과: 1.3시간
2026-04-10 22:51:31,923 [INFO] [진행] 셀: 3200/7695 (남은: 4495) | 식당: 58693 (총 98160) | API: 12839/90000 | DB저장: 58668 | 세분화: 1499 | 에러: 1 | 경과: 1.4시간
2026-04-10 22:52:28,637 [INFO] [일시정지] 60초 쉬기 (API 호출 13000건)
2026-04-10 22:56:17,951 [INFO] [진행] 셀: 3300/7695 (남은: 4395) | 식당: 61702 (총 103224) | API: 13482/90000 | DB저장: 61606 | 세분화: 1589 | 에러: 1 | 경과: 1.4시간
2026-04-10 23:00:09,187 [INFO] [진행] 셀: 3400/7695 (남은: 4295) | 식당: 64928 (총 108690) | API: 14139/90000 | DB저장: 64927 | 세분화: 1676 | 에러: 1 | 경과: 1.5시간
2026-04-10 23:02:16,150 [INFO] [일시정지] 60초 쉬기 (API 호출 14500건)
2026-04-10 23:04:45,830 [INFO] [진행] 셀: 3500/7695 (남은: 4195) | 식당: 67684 (총 113672) | API: 14754/90000 | DB저장: 67612 | 세분화: 1757 | 에러: 1 | 경과: 1.6시간
2026-04-10 23:06:12,478 [INFO] [일시정지] 60초 쉬기 (API 호출 15000건)
2026-04-10 23:08:51,333 [INFO] [진행] 셀: 3600/7695 (남은: 4095) | 식당: 70427 (총 118147) | API: 15281/90000 | DB저장: 70391 | 세분화: 1821 | 에러: 1 | 경과: 1.6시간
2026-04-10 23:12:51,227 [INFO] [진행] 셀: 3700/7695 (남은: 3995) | 식당: 73915 (총 123966) | API: 15962/90000 | DB저장: 73882 | 세분화: 1908 | 에러: 1 | 경과: 1.7시간
2026-04-10 23:17:30,643 [INFO] [진행] 셀: 3800/7695 (남은: 3895) | 식당: 77612 (총 130512) | API: 16755/90000 | DB저장: 77611 | 세분화: 2020 | 에러: 1 | 경과: 1.8시간
2026-04-10 23:21:27,985 [INFO] [진행] 셀: 3900/7695 (남은: 3795) | 식당: 80983 (총 136205) | API: 17428/90000 | DB저장: 80982 | 세분화: 2107 | 에러: 1 | 경과: 1.9시간
2026-04-10 23:24:50,007 [INFO] [일시정지] 60초 쉬기 (API 호출 18000건)
2026-04-10 23:26:01,692 [INFO] [진행] 셀: 4000/7695 (남은: 3695) | 식당: 83692 (총 141147) | API: 18034/90000 | DB저장: 83617 | 세분화: 2185 | 에러: 1 | 경과: 1.9시간
2026-04-10 23:29:20,959 [INFO] [진행] 셀: 4100/7695 (남은: 3595) | 식당: 86376 (총 145727) | API: 18598/90000 | DB저장: 86371 | 세분화: 2256 | 에러: 1 | 경과: 2.0시간
2026-04-10 23:31:42,530 [INFO] [일시정지] 60초 쉬기 (API 호출 19000건)
2026-04-10 23:32:55,979 [INFO] [진행] 셀: 4200/7695 (남은: 3495) | 식당: 88266 (총 149161) | API: 19039/90000 | DB저장: 88173 | 세분화: 2309 | 에러: 1 | 경과: 2.0시간
2026-04-10 23:35:27,785 [INFO] [진행] 셀: 4300/7695 (남은: 3395) | 식당: 90167 (총 152368) | API: 19469/90000 | DB저장: 90108 | 세분화: 2360 | 에러: 1 | 경과: 2.1시간
2026-04-10 23:37:42,471 [INFO] [진행] 셀: 4400/7695 (남은: 3295) | 식당: 91600 (총 154947) | API: 19851/90000 | DB저장: 91599 | 세분화: 2407 | 에러: 1 | 경과: 2.1시간
2026-04-10 23:39:29,809 [INFO] [진행] 셀: 4500/7695 (남은: 3195) | 식당: 92941 (총 157100) | API: 20156/90000 | DB저장: 92898 | 세분화: 2439 | 에러: 1 | 경과: 2.2시간
2026-04-10 23:41:31,031 [INFO] [일시정지] 60초 쉬기 (API 호출 20500건)
2026-04-10 23:42:58,738 [INFO] [진행] 셀: 4600/7695 (남은: 3095) | 식당: 94902 (총 160287) | API: 20578/90000 | DB저장: 94901 | 세분화: 2492 | 에러: 1 | 경과: 2.2시간
2026-04-10 23:45:03,541 [INFO] [진행] 셀: 4700/7695 (남은: 2995) | 식당: 96473 (총 163060) | API: 20933/90000 | DB저장: 96427 | 세분화: 2531 | 에러: 1 | 경과: 2.2시간
2026-04-10 23:47:19,080 [INFO] [진행] 셀: 4800/7695 (남은: 2895) | 식당: 98267 (총 166062) | API: 21318/90000 | DB저장: 98210 | 세분화: 2574 | 에러: 1 | 경과: 2.3시간
2026-04-10 23:49:04,313 [INFO] [진행] 셀: 4900/7695 (남은: 2795) | 식당: 99435 (총 168273) | API: 21617/90000 | DB저장: 99404 | 세분화: 2606 | 에러: 1 | 경과: 2.3시간
2026-04-10 23:50:47,164 [INFO] [진행] 셀: 5000/7695 (남은: 2695) | 식당: 100773 (총 170472) | API: 21909/90000 | DB저장: 100681 | 세분화: 2635 | 에러: 1 | 경과: 2.3시간
2026-04-10 23:52:44,082 [INFO] [진행] 셀: 5100/7695 (남은: 2595) | 식당: 102345 (총 172994) | API: 22240/90000 | DB저장: 102344 | 세분화: 2668 | 에러: 1 | 경과: 2.4시간
2026-04-10 23:54:30,162 [INFO] [진행] 셀: 5200/7695 (남은: 2495) | 식당: 103735 (총 175285) | API: 22542/90000 | DB저장: 103661 | 세분화: 2696 | 에러: 1 | 경과: 2.4시간
2026-04-10 23:56:26,334 [INFO] [진행] 셀: 5300/7695 (남은: 2395) | 식당: 104985 (총 177640) | API: 22872/90000 | DB저장: 104935 | 세분화: 2732 | 에러: 1 | 경과: 2.4시간
2026-04-10 23:57:11,359 [INFO] [일시정지] 60초 쉬기 (API 호출 23000건)
2026-04-10 23:58:56,500 [INFO] [진행] 셀: 5400/7695 (남은: 2295) | 식당: 105974 (총 179294) | API: 23129/90000 | DB저장: 105922 | 세분화: 2758 | 에러: 1 | 경과: 2.5시간
2026-04-11 00:00:10,411 [INFO] [진행] 셀: 5500/7695 (남은: 2195) | 식당: 106676 (총 180555) | API: 23339/90000 | DB저장: 106637 | 세분화: 2773 | 에러: 1 | 경과: 2.5시간
2026-04-11 00:01:25,923 [INFO] [진행] 셀: 5600/7695 (남은: 2095) | 식당: 107474 (총 181818) | API: 23553/90000 | DB저장: 107459 | 세분화: 2790 | 에러: 1 | 경과: 2.5시간
2026-04-11 00:02:38,514 [INFO] [진행] 셀: 5700/7695 (남은: 1995) | 식당: 108160 (총 183082) | API: 23759/90000 | DB저장: 108106 | 세분화: 2806 | 에러: 1 | 경과: 2.5시간
2026-04-11 00:04:03,097 [INFO] [진행] 셀: 5800/7695 (남은: 1895) | 식당: 109213 (총 184705) | API: 23999/90000 | DB저장: 109185 | 세분화: 2827 | 에러: 1 | 경과: 2.6시간
2026-04-11 00:04:03,415 [INFO] [일시정지] 60초 쉬기 (API 호출 24000건)
2026-04-11 00:06:09,534 [INFO] [진행] 셀: 5900/7695 (남은: 1795) | 식당: 109978 (총 186044) | API: 24188/90000 | DB저장: 109879 | 세분화: 2839 | 에러: 1 | 경과: 2.6시간
2026-04-11 00:07:43,833 [INFO] [진행] 셀: 6000/7695 (남은: 1695) | 식당: 111273 (총 188076) | API: 24455/90000 | DB저장: 111223 | 세분화: 2860 | 에러: 1 | 경과: 2.6시간
2026-04-11 00:09:21,657 [INFO] [진행] 셀: 6100/7695 (남은: 1595) | 식당: 112584 (총 190079) | API: 24733/90000 | DB저장: 112490 | 세분화: 2886 | 에러: 1 | 경과: 2.7시간
2026-04-11 00:11:17,628 [INFO] [진행] 셀: 6200/7695 (남은: 1495) | 식당: 113995 (총 192576) | API: 25062/90000 | DB저장: 113933 | 세분화: 2920 | 에러: 1 | 경과: 2.7시간
2026-04-11 00:12:54,489 [INFO] [진행] 셀: 6300/7695 (남은: 1395) | 식당: 115149 (총 194583) | API: 25337/90000 | DB저장: 115137 | 세분화: 2946 | 에러: 1 | 경과: 2.7시간
2026-04-11 00:14:28,112 [INFO] [진행] 셀: 6400/7695 (남은: 1295) | 식당: 116102 (총 196301) | API: 25603/90000 | DB저장: 116101 | 세분화: 2972 | 에러: 1 | 경과: 2.7시간
2026-04-11 00:15:57,869 [INFO] [진행] 셀: 6500/7695 (남은: 1195) | 식당: 117018 (총 197808) | API: 25858/90000 | DB저장: 116962 | 세분화: 2997 | 에러: 1 | 경과: 2.8시간
2026-04-11 00:17:08,934 [INFO] [진행] 셀: 6600/7695 (남은: 1095) | 식당: 117730 (총 199054) | API: 26059/90000 | DB저장: 117665 | 세분화: 3010 | 에러: 1 | 경과: 2.8시간
2026-04-11 00:18:17,245 [INFO] [진행] 셀: 6700/7695 (남은: 995) | 식당: 118344 (총 200102) | API: 26253/90000 | DB저장: 118307 | 세분화: 3024 | 에러: 1 | 경과: 2.8시간
2026-04-11 00:19:11,104 [INFO] [진행] 셀: 6800/7695 (남은: 895) | 식당: 118684 (총 200814) | API: 26406/90000 | DB저장: 118682 | 세분화: 3032 | 에러: 1 | 경과: 2.8시간
2026-04-11 00:19:44,320 [INFO] [일시정지] 60초 쉬기 (API 호출 26500건)
2026-04-11 00:20:59,538 [INFO] [진행] 셀: 6900/7695 (남은: 795) | 식당: 119041 (총 201399) | API: 26544/90000 | DB저장: 118986 | 세분화: 3036 | 에러: 1 | 경과: 2.8시간
2026-04-11 00:21:53,024 [INFO] [진행] 셀: 7000/7695 (남은: 695) | 식당: 119408 (총 202040) | API: 26696/90000 | DB저장: 119362 | 세분화: 3043 | 에러: 1 | 경과: 2.9시간
2026-04-11 00:22:39,130 [INFO] [진행] 셀: 7100/7695 (남은: 595) | 식당: 119702 (총 202488) | API: 26827/90000 | DB저장: 119688 | 세분화: 3047 | 에러: 1 | 경과: 2.9시간
2026-04-11 00:23:17,859 [INFO] [진행] 셀: 7200/7695 (남은: 495) | 식당: 119815 (총 202744) | API: 26937/90000 | DB저장: 119788 | 세분화: 3047 | 에러: 1 | 경과: 2.9시간
2026-04-11 00:23:39,997 [INFO] [일시정지] 60초 쉬기 (API 호출 27000건)
2026-04-11 00:24:54,863 [INFO] [진행] 셀: 7300/7695 (남은: 395) | 식당: 119970 (총 202986) | API: 27043/90000 | DB저장: 119890 | 세분화: 3047 | 에러: 1 | 경과: 2.9시간
2026-04-11 00:25:33,305 [INFO] [진행] 셀: 7400/7695 (남은: 295) | 식당: 120141 (총 203231) | API: 27152/90000 | DB저장: 120100 | 세분화: 3048 | 에러: 1 | 경과: 2.9시간
2026-04-11 00:26:20,472 [INFO] [진행] 셀: 7500/7695 (남은: 195) | 식당: 120531 (총 203799) | API: 27286/90000 | DB저장: 120527 | 세분화: 3052 | 에러: 1 | 경과: 2.9시간
2026-04-11 00:27:15,388 [INFO] [진행] 셀: 7600/7695 (남은: 95) | 식당: 120922 (총 204484) | API: 27442/90000 | DB저장: 120852 | 세분화: 3061 | 에러: 1 | 경과: 2.9시간
2026-04-11 00:27:36,023 [INFO] [일시정지] 60초 쉬기 (API 호출 27500건)
2026-04-11 00:29:05,427 [INFO] ============================================================
2026-04-11 00:29:05,427 [INFO] 크롤링 완료! (전체 완료)
2026-04-11 00:29:05,427 [INFO] 최종: 셀: 7695/7695 (남은: 0) | 식당: 121257 (총 205080) | API: 27584/90000 | DB저장: 121256 | 세분화: 3068 | 에러: 1 | 경과: 3.0시간
2026-04-11 00:29:05,427 [INFO] 총 수집 식당 ID: 121,257개
2026-04-11 00:29:05,427 [INFO] ============================================================
