2026-04-10 10:47:30,604 [INFO] 서울 격자: 1360개 셀 (반경 500m)
2026-04-10 10:47:30,604 [INFO] 진행 상황 로드: 완료 셀 36개, 식당 1337개
2026-04-10 10:47:30,605 [INFO] 크롤링 시작 — 1360개 셀
2026-04-10 10:47:30,605 [INFO] 설정: delay=0.35s, concurrent=5, batch_pause=60s/500건
2026-04-10 10:47:56,292 [INFO] [진행] 셀: 50/1360 | 식당: 619 (총 619) | API: 74 | DB저장: 614 | 세분화: 0 | 에러: 0 | 경과: 0.4분
2026-04-10 10:48:19,858 [INFO] [진행] 셀: 100/1360 | 식당: 1076 (총 1076) | API: 141 | DB저장: 1073 | 세분화: 0 | 에러: 0 | 경과: 0.8분
2026-04-10 10:48:47,328 [INFO] [진행] 셀: 150/1360 | 식당: 1777 (총 1777) | API: 219 | DB저장: 1703 | 세분화: 0 | 에러: 0 | 경과: 1.3분
2026-04-10 10:49:17,176 [INFO] [진행] 셀: 200/1360 | 식당: 2626 (총 2626) | API: 304 | DB저장: 2540 | 세분화: 0 | 에러: 0 | 경과: 1.8분
2026-04-10 10:49:43,161 [INFO] [진행] 셀: 250/1360 | 식당: 3300 (총 3300) | API: 378 | DB저장: 3298 | 세분화: 0 | 에러: 0 | 경과: 2.2분
2026-04-10 10:50:19,732 [INFO] [진행] 셀: 300/1360 | 식당: 4515 (총 4515) | API: 481 | DB저장: 4515 | 세분화: 0 | 에러: 0 | 경과: 2.8분
2026-04-10 10:50:26,387 [INFO] [일시정지] 60초 쉬기 (API 호출 500건)
2026-04-10 10:51:38,063 [INFO]   셀 (37.484865,126.779331) 721건 → 세분화
2026-04-10 10:51:54,925 [INFO]   셀 (37.484865,126.926656) 712건 → 세분화
2026-04-10 10:52:12,031 [INFO] [진행] 셀: 350/1360 | 식당: 6547 (총 6547) | API: 630 | DB저장: 6547 | 세분화: 2 | 에러: 0 | 경과: 4.7분
2026-04-10 10:52:49,546 [INFO] [진행] 셀: 400/1360 | 식당: 7981 (총 7981) | API: 735 | DB저장: 7977 | 세분화: 2 | 에러: 0 | 경과: 5.3분
2026-04-10 10:53:27,821 [INFO] [진행] 셀: 450/1360 | 식당: 9460 (총 9460) | API: 844 | DB저장: 9405 | 세분화: 2 | 에러: 0 | 경과: 6.0분
2026-04-10 10:53:42,911 [INFO]   셀 (37.511814,127.107979) 751건 → 세분화
2026-04-10 10:54:08,574 [INFO]   셀 (37.520797,126.926656) 808건 → 세분화
2026-04-10 10:54:13,500 [INFO] [진행] 셀: 500/1360 | 식당: 11257 (총 11257) | API: 974 | DB저장: 11212 | 세분화: 4 | 에러: 0 | 경과: 6.7분
2026-04-10 10:55:18,203 [INFO] [진행] 셀: 600/1360 | 식당: 13598 (총 13598) | API: 1155 | DB저장: 13535 | 세분화: 4 | 에러: 0 | 경과: 7.8분
2026-04-10 10:55:59,607 [INFO] [진행] 셀: 650/1360 | 식당: 15118 (총 15118) | API: 1272 | DB저장: 15073 | 세분화: 4 | 에러: 0 | 경과: 8.5분
2026-04-10 10:56:05,967 [INFO]   셀 (37.55673,126.926656) 788건 → 세분화
2026-04-10 10:56:10,472 [INFO]   셀 (37.55673,126.937988) 753건 → 세분화
2026-04-10 10:56:48,302 [INFO] [진행] 셀: 700/1360 | 식당: 16952 (총 16952) | API: 1410 | DB저장: 16920 | 세분화: 6 | 에러: 0 | 경과: 9.3분
2026-04-10 10:56:50,744 [INFO]   셀 (37.565713,126.983319) 956건 → 세분화
2026-04-10 10:56:55,598 [INFO]   셀 (37.565713,126.994652) 834건 → 세분화
2026-04-10 10:57:20,137 [INFO] [일시정지] 60초 쉬기 (API 호출 1500건)
2026-04-10 10:58:27,903 [INFO]   셀 (37.574696,126.983319) 687건 → 세분화
2026-04-10 10:58:39,615 [INFO] [진행] 셀: 750/1360 | 식당: 18810 (총 18810) | API: 1556 | DB저장: 18765 | 세분화: 9 | 에러: 0 | 경과: 11.2분
2026-04-10 10:59:13,647 [INFO] [진행] 셀: 800/1360 | 식당: 19891 (총 19893) | API: 1651 | DB저장: 19813 | 세분화: 9 | 에러: 0 | 경과: 11.7분
2026-04-10 10:59:45,616 [INFO] [진행] 셀: 850/1360 | 식당: 20893 (총 20895) | API: 1742 | DB저장: 20798 | 세분화: 9 | 에러: 0 | 경과: 12.3분
2026-04-10 11:00:19,700 [INFO] [진행] 셀: 900/1360 | 식당: 22008 (총 22010) | API: 1839 | DB저장: 22007 | 세분화: 9 | 에러: 0 | 경과: 12.8분
2026-04-10 11:00:55,491 [INFO] [진행] 셀: 950/1360 | 식당: 23189 (총 23191) | API: 1941 | DB저장: 23099 | 세분화: 9 | 에러: 0 | 경과: 13.4분
2026-04-10 11:01:16,193 [INFO] [일시정지] 60초 쉬기 (API 호출 2000건)
2026-04-10 11:02:24,905 [INFO] [진행] 셀: 1000/1360 | 식당: 24052 (총 24054) | API: 2025 | DB저장: 24051 | 세분화: 9 | 에러: 0 | 경과: 14.9분
2026-04-10 11:02:51,955 [INFO] [진행] 셀: 1050/1360 | 식당: 24745 (총 24747) | API: 2102 | DB저장: 24676 | 세분화: 9 | 에러: 0 | 경과: 15.4분
2026-04-10 11:03:26,774 [INFO] [진행] 셀: 1100/1360 | 식당: 25888 (총 25890) | API: 2200 | DB저장: 25792 | 세분화: 9 | 에러: 0 | 경과: 15.9분
2026-04-10 11:03:59,799 [INFO] [진행] 셀: 1150/1360 | 식당: 26903 (총 26905) | API: 2294 | DB저장: 26903 | 세분화: 9 | 에러: 0 | 경과: 16.5분
2026-04-10 11:04:27,030 [INFO] [진행] 셀: 1200/1360 | 식당: 27585 (총 27587) | API: 2372 | DB저장: 27514 | 세분화: 9 | 에러: 0 | 경과: 16.9분
2026-04-10 11:04:51,968 [INFO] [진행] 셀: 1250/1360 | 식당: 28141 (총 28143) | API: 2443 | DB저장: 28132 | 세분화: 9 | 에러: 0 | 경과: 17.4분
2026-04-10 11:05:13,422 [INFO] [일시정지] 60초 쉬기 (API 호출 2500건)
2026-04-10 11:06:13,828 [INFO] [진행] 셀: 1300/1360 | 식당: 28441 (총 28443) | API: 2502 | DB저장: 28347 | 세분화: 9 | 에러: 0 | 경과: 18.7분
2026-04-10 11:06:37,473 [INFO] [진행] 셀: 1350/1360 | 식당: 28865 (총 28868) | API: 2567 | DB저장: 28791 | 세분화: 9 | 에러: 0 | 경과: 19.1분
2026-04-10 11:06:42,103 [INFO] ============================================================
2026-04-10 11:06:42,103 [INFO] 크롤링 완료!
2026-04-10 11:06:42,103 [INFO] 최종: 셀: 1360/1360 | 식당: 28948 (총 28951) | API: 2580 | DB저장: 28948 | 세분화: 9 | 에러: 0 | 경과: 19.2분
2026-04-10 11:06:42,103 [INFO] ============================================================
