2026-04-10 16:17:30,043 [INFO] 서울 격자: 7695개 셀 (반경 300m, overlap 1.4x)
2026-04-10 16:17:30,046 [INFO] 크롤링 시작 
2026-04-10 16:17:30,046 [INFO]   전체 셀: 7695 | 이미 완료: 0 | 남은: 7695
2026-04-10 16:17:30,046 [INFO]   이미 수집된 식당 ID: 0개
2026-04-10 16:17:30,046 [INFO]   일일 API 한도: 90,000건
2026-04-10 16:17:30,046 [INFO]   설정: radius=300m, delay=0.35s, concurrent=5
2026-04-10 16:18:39,901 [INFO] [진행] 셀: 100/7695 (남은: 7595) | 식당: 821 (총 1080) | API: 199/90000 | DB저장: 776 | 세분화: 15 | 에러: 0 | 경과: 1.2분
2026-04-10 16:19:33,079 [INFO] [진행] 셀: 200/7695 (남은: 7495) | 식당: 1290 (총 1803) | API: 350/90000 | DB저장: 1201 | 세분화: 22 | 에러: 0 | 경과: 2.1분
2026-04-10 16:20:34,376 [INFO] [진행] 셀: 300/7695 (남은: 7395) | 식당: 1743 (총 2615) | API: 523/90000 | DB저장: 1732 | 세분화: 33 | 에러: 0 | 경과: 3.1분
2026-04-10 16:21:14,403 [INFO] [진행] 셀: 400/7695 (남은: 7295) | 식당: 1888 (총 2909) | API: 637/90000 | DB저장: 1836 | 세분화: 34 | 에러: 0 | 경과: 3.7분
2026-04-10 16:22:09,159 [INFO] [진행] 셀: 500/7695 (남은: 7195) | 식당: 2372 (총 3535) | API: 792/90000 | DB저장: 2296 | 세분화: 42 | 에러: 0 | 경과: 4.7분
2026-04-10 16:23:29,806 [INFO] [진행] 셀: 600/7695 (남은: 7095) | 식당: 3241 (총 4880) | API: 1019/90000 | DB저장: 3215 | 세분화: 63 | 에러: 0 | 경과: 6.0분
2026-04-10 16:24:41,274 [INFO] [진행] 셀: 700/7695 (남은: 6995) | 식당: 4005 (총 6196) | API: 1222/90000 | DB저장: 3970 | 세분화: 77 | 에러: 0 | 경과: 7.2분
2026-04-10 16:26:47,106 [INFO] [일시정지] 60초 쉬기 (API 호출 1500건)
2026-04-10 16:27:51,741 [INFO] [진행] 셀: 800/7695 (남은: 6895) | 식당: 5244 (총 8049) | API: 1514/90000 | DB저장: 5183 | 세분화: 108 | 에러: 0 | 경과: 10.4분
2026-04-10 16:29:29,473 [INFO] [진행] 셀: 900/7695 (남은: 6795) | 식당: 6205 (총 9891) | API: 1791/90000 | DB저장: 6141 | 세분화: 134 | 에러: 0 | 경과: 12.0분
2026-04-10 16:30:43,052 [INFO] [일시정지] 60초 쉬기 (API 호출 2000건)
2026-04-10 16:31:43,189 [INFO] [진행] 셀: 1000/7695 (남은: 6695) | 식당: 7023 (총 11203) | API: 2001/90000 | DB저장: 6999 | 세분화: 151 | 에러: 0 | 경과: 14.2분
2026-04-10 16:32:42,911 [INFO] [진행] 셀: 1100/7695 (남은: 6595) | 식당: 7508 (총 12098) | API: 2165/90000 | DB저장: 7474 | 세분화: 159 | 에러: 0 | 경과: 15.2분
2026-04-10 16:33:39,143 [INFO] [진행] 셀: 1200/7695 (남은: 6495) | 식당: 8061 (총 12891) | API: 2324/90000 | DB저장: 7994 | 세분화: 168 | 에러: 0 | 경과: 16.2분
2026-04-10 16:34:53,499 [INFO] [진행] 셀: 1300/7695 (남은: 6395) | 식당: 8748 (총 14103) | API: 2534/90000 | DB저장: 8746 | 세분화: 185 | 에러: 0 | 경과: 17.4분
2026-04-10 16:35:56,953 [INFO] [진행] 셀: 1400/7695 (남은: 6295) | 식당: 9415 (총 15129) | API: 2714/90000 | DB저장: 9415 | 세분화: 197 | 에러: 0 | 경과: 18.4분
2026-04-10 16:37:38,719 [INFO] [진행] 셀: 1500/7695 (남은: 6195) | 식당: 10567 (총 16884) | API: 2962/90000 | DB저장: 10562 | 세분화: 216 | 에러: 0 | 경과: 20.1분
2026-04-10 16:37:52,065 [INFO] [일시정지] 60초 쉬기 (API 호출 3000건)
2026-04-10 16:40:30,524 [INFO] [진행] 셀: 1600/7695 (남은: 6095) | 식당: 12027 (총 19071) | API: 3281/90000 | DB저장: 12023 | 세분화: 252 | 에러: 0 | 경과: 23.0분
2026-04-10 16:43:25,744 [INFO] [진행] 셀: 1700/7695 (남은: 5995) | 식당: 14459 (총 23020) | API: 3779/90000 | DB저장: 14447 | 세분화: 317 | 에러: 0 | 경과: 25.9분
2026-04-10 16:46:55,054 [INFO] [진행] 셀: 1800/7695 (남은: 5895) | 식당: 17722 (총 28099) | API: 4368/90000 | DB저장: 17642 | 세분화: 391 | 에러: 0 | 경과: 29.4분
2026-04-10 16:47:41,461 [INFO] [일시정지] 60초 쉬기 (API 호출 4500건)
2026-04-10 16:52:33,881 [INFO] [진행] 셀: 1900/7695 (남은: 5795) | 식당: 21869 (총 34910) | API: 5160/90000 | DB저장: 21847 | 세분화: 502 | 에러: 0 | 경과: 35.1분
2026-04-10 16:56:35,457 [INFO] [진행] 셀: 2000/7695 (남은: 5695) | 식당: 24780 (총 40361) | API: 5846/90000 | DB저장: 24780 | 세분화: 598 | 에러: 0 | 경과: 39.1분
2026-04-10 16:59:51,598 [INFO] [진행] 셀: 2100/7695 (남은: 5595) | 식당: 27616 (총 45080) | API: 6398/90000 | DB저장: 27616 | 세분화: 666 | 에러: 0 | 경과: 42.4분
2026-04-10 17:03:13,391 [INFO] [진행] 셀: 2200/7695 (남은: 5495) | 식당: 30714 (총 50186) | API: 6971/90000 | DB저장: 30623 | 세분화: 736 | 에러: 0 | 경과: 45.7분
2026-04-10 17:07:19,921 [INFO] [진행] 셀: 2300/7695 (남은: 5395) | 식당: 34122 (총 55931) | API: 7664/90000 | DB저장: 34094 | 세분화: 832 | 에러: 0 | 경과: 49.8분
2026-04-10 17:11:19,272 [INFO] [진행] 셀: 2400/7695 (남은: 5295) | 식당: 37297 (총 61141) | API: 8290/90000 | DB저장: 37236 | 세분화: 915 | 에러: 0 | 경과: 53.8분
2026-04-10 17:14:51,831 [INFO] [진행] 셀: 2500/7695 (남은: 5195) | 식당: 40200 (총 66054) | API: 8892/90000 | DB저장: 40144 | 세분화: 995 | 에러: 0 | 경과: 57.4분
2026-04-10 17:18:49,099 [INFO] [진행] 셀: 2600/7695 (남은: 5095) | 식당: 43321 (총 71615) | API: 9565/90000 | DB저장: 43321 | 세분화: 1084 | 에러: 0 | 경과: 1.0시간
2026-04-10 17:22:06,579 [INFO] [진행] 셀: 2700/7695 (남은: 4995) | 식당: 46113 (총 76448) | API: 10124/90000 | DB저장: 46113 | 세분화: 1154 | 에러: 0 | 경과: 1.1시간
2026-04-10 17:25:53,112 [INFO] [진행] 셀: 2800/7695 (남은: 4895) | 식당: 49084 (총 81597) | API: 10757/90000 | DB저장: 49064 | 세분화: 1239 | 에러: 0 | 경과: 1.1시간
2026-04-10 17:29:14,489 [INFO] [진행] 셀: 2900/7695 (남은: 4795) | 식당: 51800 (총 86330) | API: 11330/90000 | DB저장: 51749 | 세분화: 1312 | 에러: 0 | 경과: 1.2시간
2026-04-10 17:30:14,239 [INFO] [일시정지] 60초 쉬기 (API 호출 11500건)
2026-04-10 17:33:24,129 [INFO] [진행] 셀: 3000/7695 (남은: 4695) | 식당: 54209 (총 90528) | API: 11868/90000 | DB저장: 54186 | 세분화: 1381 | 에러: 0 | 경과: 1.3시간
2026-04-10 17:34:10,592 [INFO] [일시정지] 60초 쉬기 (API 호출 12000건)
2026-04-10 17:37:22,518 [INFO] [진행] 셀: 3100/7695 (남은: 4595) | 식당: 56661 (총 94538) | API: 12373/90000 | DB저장: 56603 | 세분화: 1445 | 에러: 0 | 경과: 1.3시간
2026-04-10 17:40:06,577 [INFO] [진행] 셀: 3200/7695 (남은: 4495) | 식당: 58692 (총 98158) | API: 12839/90000 | DB저장: 58668 | 세분화: 1499 | 에러: 0 | 경과: 1.4시간
2026-04-10 17:41:03,302 [INFO] [일시정지] 60초 쉬기 (API 호출 13000건)
2026-04-10 17:44:52,782 [INFO] [진행] 셀: 3300/7695 (남은: 4395) | 식당: 61701 (총 103222) | API: 13482/90000 | DB저장: 61606 | 세분화: 1589 | 에러: 0 | 경과: 1.5시간
2026-04-10 17:48:43,935 [INFO] [진행] 셀: 3400/7695 (남은: 4295) | 식당: 64927 (총 108688) | API: 14139/90000 | DB저장: 64927 | 세분화: 1676 | 에러: 0 | 경과: 1.5시간
2026-04-10 17:50:50,886 [INFO] [일시정지] 60초 쉬기 (API 호출 14500건)
2026-04-10 17:53:19,808 [INFO] [진행] 셀: 3500/7695 (남은: 4195) | 식당: 67683 (총 113670) | API: 14754/90000 | DB저장: 67612 | 세분화: 1757 | 에러: 0 | 경과: 1.6시간
2026-04-10 17:54:46,407 [INFO] [일시정지] 60초 쉬기 (API 호출 15000건)
2026-04-10 17:57:06,043 [ERROR] 요청 실패 (37.551250533237514,127.00836435735151 p1): 
2026-04-10 17:57:40,958 [INFO] [진행] 셀: 3600/7695 (남은: 4095) | 식당: 70426 (총 118140) | API: 15281/90000 | DB저장: 70391 | 세분화: 1821 | 에러: 0 | 경과: 1.7시간
2026-04-10 18:01:41,926 [INFO] [진행] 셀: 3700/7695 (남은: 3995) | 식당: 73914 (총 123959) | API: 15962/90000 | DB저장: 73882 | 세분화: 1908 | 에러: 0 | 경과: 1.7시간
2026-04-10 18:01:55,618 [INFO] [일시정지] 60초 쉬기 (API 호출 16001건)
2026-04-10 18:08:28,012 [INFO] [진행] 셀: 3800/7695 (남은: 3895) | 식당: 77611 (총 130505) | API: 16755/90000 | DB저장: 77611 | 세분화: 2020 | 에러: 0 | 경과: 1.8시간
2026-04-10 18:12:26,964 [INFO] [진행] 셀: 3900/7695 (남은: 3795) | 식당: 80982 (총 136198) | API: 17428/90000 | DB저장: 80982 | 세분화: 2107 | 에러: 0 | 경과: 1.9시간
2026-04-10 18:15:49,606 [INFO] [일시정지] 60초 쉬기 (API 호출 18001건)
2026-04-10 18:17:00,941 [INFO] [진행] 셀: 4000/7695 (남은: 3695) | 식당: 83691 (총 141140) | API: 18034/90000 | DB저장: 83617 | 세분화: 2185 | 에러: 0 | 경과: 2.0시간
2026-04-10 18:20:21,339 [INFO] [진행] 셀: 4100/7695 (남은: 3595) | 식당: 86375 (총 145720) | API: 18598/90000 | DB저장: 86371 | 세분화: 2256 | 에러: 0 | 경과: 2.0시간
2026-04-10 18:22:44,918 [INFO] [일시정지] 60초 쉬기 (API 호출 19001건)
2026-04-10 18:23:57,991 [INFO] [진행] 셀: 4200/7695 (남은: 3495) | 식당: 88265 (총 149154) | API: 19039/90000 | DB저장: 88173 | 세분화: 2309 | 에러: 0 | 경과: 2.1시간
2026-04-10 18:26:32,164 [INFO] [진행] 셀: 4300/7695 (남은: 3395) | 식당: 90166 (총 152361) | API: 19469/90000 | DB저장: 90108 | 세분화: 2360 | 에러: 0 | 경과: 2.2시간
2026-04-10 18:28:47,056 [INFO] [진행] 셀: 4400/7695 (남은: 3295) | 식당: 91599 (총 154940) | API: 19851/90000 | DB저장: 91599 | 세분화: 2407 | 에러: 0 | 경과: 2.2시간
2026-04-10 18:30:35,059 [INFO] [진행] 셀: 4500/7695 (남은: 3195) | 식당: 92940 (총 157093) | API: 20156/90000 | DB저장: 92898 | 세분화: 2439 | 에러: 0 | 경과: 2.2시간
2026-04-10 18:33:04,700 [INFO] [진행] 셀: 4600/7695 (남은: 3095) | 식당: 94901 (총 160280) | API: 20578/90000 | DB저장: 94901 | 세분화: 2492 | 에러: 0 | 경과: 2.3시간
2026-04-10 18:35:09,814 [INFO] [진행] 셀: 4700/7695 (남은: 2995) | 식당: 96472 (총 163053) | API: 20933/90000 | DB저장: 96427 | 세분화: 2531 | 에러: 0 | 경과: 2.3시간
2026-04-10 18:37:29,071 [INFO] [진행] 셀: 4800/7695 (남은: 2895) | 식당: 98266 (총 166055) | API: 21318/90000 | DB저장: 98210 | 세분화: 2574 | 에러: 0 | 경과: 2.3시간
2026-04-10 18:39:14,952 [INFO] [진행] 셀: 4900/7695 (남은: 2795) | 식당: 99434 (총 168266) | API: 21617/90000 | DB저장: 99404 | 세분화: 2606 | 에러: 0 | 경과: 2.4시간
2026-04-10 18:41:22,612 [ERROR] 요청 실패 (37.61053846676249,126.92608993509455 p1): 
2026-04-10 18:41:47,107 [INFO] [진행] 셀: 5000/7695 (남은: 2695) | 식당: 100768 (총 170456) | API: 21909/90000 | DB저장: 100677 | 세분화: 2635 | 에러: 0 | 경과: 2.4시간
2026-04-10 18:43:44,639 [INFO] [진행] 셀: 5100/7695 (남은: 2595) | 식당: 102340 (총 172978) | API: 22240/90000 | DB저장: 102340 | 세분화: 2668 | 에러: 0 | 경과: 2.4시간
2026-04-10 18:45:31,028 [INFO] [진행] 셀: 5200/7695 (남은: 2495) | 식당: 103730 (총 175269) | API: 22542/90000 | DB저장: 103657 | 세분화: 2696 | 에러: 0 | 경과: 2.5시간
2026-04-10 18:47:26,993 [INFO] [진행] 셀: 5300/7695 (남은: 2395) | 식당: 104980 (총 177624) | API: 22872/90000 | DB저장: 104931 | 세분화: 2732 | 에러: 0 | 경과: 2.5시간
2026-04-10 18:48:12,883 [INFO] [일시정지] 60초 쉬기 (API 호출 23002건)
2026-04-10 18:49:57,635 [INFO] [진행] 셀: 5400/7695 (남은: 2295) | 식당: 105969 (총 179278) | API: 23129/90000 | DB저장: 105918 | 세분화: 2758 | 에러: 0 | 경과: 2.5시간
2026-04-10 18:51:11,707 [INFO] [진행] 셀: 5500/7695 (남은: 2195) | 식당: 106671 (총 180539) | API: 23339/90000 | DB저장: 106633 | 세분화: 2773 | 에러: 0 | 경과: 2.6시간
2026-04-10 18:52:09,395 [INFO] [일시정지] 60초 쉬기 (API 호출 23502건)
2026-04-10 18:53:27,666 [INFO] [진행] 셀: 5600/7695 (남은: 2095) | 식당: 107469 (총 181802) | API: 23553/90000 | DB저장: 107455 | 세분화: 2790 | 에러: 0 | 경과: 2.6시간
2026-04-10 18:53:57,608 [ERROR] 요청 실패 (37.63492826661875,126.83310321482297 p1): 
2026-04-10 18:53:57,613 [ERROR] 요청 실패 (37.63425453323751,126.83565553949873 p1): Cannot connect to host dapi.kakao.com:443 ssl:default [None]
2026-04-10 18:53:57,962 [ERROR] 요청 실패 (37.63694946676249,126.83225246050128 p1): Cannot connect to host dapi.kakao.com:443 ssl:default [None]
2026-04-10 18:53:58,313 [ERROR] 요청 실패 (37.63694946676249,126.83565553949873 p1): Cannot connect to host dapi.kakao.com:443 ssl:default [None]
2026-04-10 18:53:58,664 [ERROR] 요청 실패 (37.635602,126.838714 p1): Cannot connect to host dapi.kakao.com:443 ssl:default [None]
2026-04-10 18:53:59,015 [ERROR] 요청 실패 (37.635602,126.843474 p1): Cannot connect to host dapi.kakao.com:443 ssl:default [None]
2026-04-10 18:53:59,365 [ERROR] 요청 실패 (37.635602,126.848233 p1): Cannot connect to host dapi.kakao.com:443 ssl:default [None]
2026-04-10 18:53:59,717 [ERROR] 요청 실패 (37.635602,126.852993 p1): Cannot connect to host dapi.kakao.com:443 ssl:default [None]
2026-04-10 18:54:00,068 [ERROR] 요청 실패 (37.635602,126.857753 p1): Cannot connect to host dapi.kakao.com:443 ssl:default [None]
2026-04-10 18:54:00,419 [ERROR] 요청 실패 (37.635602,126.862513 p1): Cannot connect to host dapi.kakao.com:443 ssl:default [None]
2026-04-10 18:54:00,770 [ERROR] 요청 실패 (37.635602,126.867272 p1): Cannot connect to host dapi.kakao.com:443 ssl:default [None]
2026-04-10 18:54:01,122 [ERROR] 요청 실패 (37.635602,126.872032 p1): Cannot connect to host dapi.kakao.com:443 ssl:default [None]
2026-04-10 18:54:01,472 [ERROR] 요청 실패 (37.635602,126.876792 p1): Cannot connect to host dapi.kakao.com:443 ssl:default [None]
2026-04-10 18:54:01,823 [ERROR] 요청 실패 (37.635602,126.881552 p1): Cannot connect to host dapi.kakao.com:443 ssl:default [None]
2026-04-10 18:54:02,175 [ERROR] 요청 실패 (37.635602,126.886311 p1): Cannot connect to host dapi.kakao.com:443 ssl:default [None]
2026-04-10 18:54:02,526 [ERROR] 요청 실패 (37.635602,126.891071 p1): Cannot connect to host dapi.kakao.com:443 ssl:default [None]
2026-04-10 18:54:02,877 [ERROR] 요청 실패 (37.635602,126.895831 p1): Cannot connect to host dapi.kakao.com:443 ssl:default [None]
2026-04-10 18:54:03,228 [ERROR] 요청 실패 (37.635602,126.90059 p1): Cannot connect to host dapi.kakao.com:443 ssl:default [None]
2026-04-10 18:54:03,579 [ERROR] 요청 실패 (37.635602,126.90535 p1): Cannot connect to host dapi.kakao.com:443 ssl:default [None]
2026-04-10 18:54:03,930 [ERROR] 요청 실패 (37.635602,126.91011 p1): Cannot connect to host dapi.kakao.com:443 ssl:default [None]
2026-04-10 18:54:04,281 [ERROR] 요청 실패 (37.635602,126.91487 p1): Cannot connect to host dapi.kakao.com:443 ssl:default [None]
2026-04-10 18:54:04,632 [ERROR] 요청 실패 (37.635602,126.919629 p1): Cannot connect to host dapi.kakao.com:443 ssl:default [None]
2026-04-10 18:54:04,983 [ERROR] 요청 실패 (37.635602,126.924389 p1): Cannot connect to host dapi.kakao.com:443 ssl:default [None]
2026-04-10 18:54:05,335 [ERROR] 요청 실패 (37.635602,126.929149 p1): Cannot connect to host dapi.kakao.com:443 ssl:default [None]
2026-04-10 18:54:05,685 [ERROR] 요청 실패 (37.635602,126.933909 p1): Cannot connect to host dapi.kakao.com:443 ssl:default [None]
2026-04-10 18:54:06,035 [ERROR] 요청 실패 (37.635602,126.938668 p1): Cannot connect to host dapi.kakao.com:443 ssl:default [None]
2026-04-10 18:54:06,388 [ERROR] 요청 실패 (37.635602,126.943428 p1): Cannot connect to host dapi.kakao.com:443 ssl:default [None]
2026-04-10 18:54:06,739 [ERROR] 요청 실패 (37.635602,126.948188 p1): Cannot connect to host dapi.kakao.com:443 ssl:default [None]
2026-04-10 18:54:07,090 [ERROR] 요청 실패 (37.635602,126.952947 p1): Cannot connect to host dapi.kakao.com:443 ssl:default [None]
2026-04-10 18:54:07,442 [ERROR] 요청 실패 (37.635602,126.957707 p1): Cannot connect to host dapi.kakao.com:443 ssl:default [None]
2026-04-10 18:54:12,814 [ERROR] 요청 실패 (37.635602,126.962467 p1): Cannot connect to host dapi.kakao.com:443 ssl:default [Network is unreachable]
2026-04-10 18:54:12,815 [ERROR] 요청 실패 (37.635602,126.967227 p1): Cannot connect to host dapi.kakao.com:443 ssl:default [Network is unreachable]
2026-04-10 18:54:13,167 [ERROR] 요청 실패 (37.635602,126.971986 p1): Cannot connect to host dapi.kakao.com:443 ssl:default [Network is unreachable]
2026-04-10 18:54:13,518 [ERROR] 요청 실패 (37.635602,126.976746 p1): Cannot connect to host dapi.kakao.com:443 ssl:default [Network is unreachable]
2026-04-10 18:54:13,870 [ERROR] 요청 실패 (37.635602,126.981506 p1): Cannot connect to host dapi.kakao.com:443 ssl:default [Network is unreachable]
2026-04-10 18:54:14,221 [ERROR] 요청 실패 (37.635602,126.986266 p1): Cannot connect to host dapi.kakao.com:443 ssl:default [Network is unreachable]
2026-04-10 18:54:14,572 [ERROR] 요청 실패 (37.635602,126.991025 p1): Cannot connect to host dapi.kakao.com:443 ssl:default [Network is unreachable]
2026-04-10 18:54:14,923 [ERROR] 요청 실패 (37.635602,126.995785 p1): Cannot connect to host dapi.kakao.com:443 ssl:default [Network is unreachable]
2026-04-10 18:54:15,274 [ERROR] 요청 실패 (37.635602,127.000545 p1): Cannot connect to host dapi.kakao.com:443 ssl:default [Network is unreachable]
2026-04-10 18:54:15,625 [ERROR] 요청 실패 (37.635602,127.005304 p1): Cannot connect to host dapi.kakao.com:443 ssl:default [Network is unreachable]
2026-04-10 18:54:15,977 [ERROR] 요청 실패 (37.635602,127.010064 p1): Cannot connect to host dapi.kakao.com:443 ssl:default [Network is unreachable]
2026-04-10 18:54:16,328 [ERROR] 요청 실패 (37.635602,127.014824 p1): Cannot connect to host dapi.kakao.com:443 ssl:default [Network is unreachable]
2026-04-10 18:54:16,679 [ERROR] 요청 실패 (37.635602,127.019584 p1): Cannot connect to host dapi.kakao.com:443 ssl:default [Network is unreachable]
2026-04-10 18:54:17,029 [ERROR] 요청 실패 (37.635602,127.024343 p1): Cannot connect to host dapi.kakao.com:443 ssl:default [Network is unreachable]
2026-04-10 18:54:17,381 [ERROR] 요청 실패 (37.635602,127.029103 p1): Cannot connect to host dapi.kakao.com:443 ssl:default [Network is unreachable]
2026-04-10 18:54:17,732 [ERROR] 요청 실패 (37.635602,127.033863 p1): Cannot connect to host dapi.kakao.com:443 ssl:default [Network is unreachable]
2026-04-10 18:54:18,084 [ERROR] 요청 실패 (37.635602,127.038623 p1): Cannot connect to host dapi.kakao.com:443 ssl:default [Network is unreachable]
2026-04-10 18:54:18,434 [ERROR] 요청 실패 (37.635602,127.043382 p1): Cannot connect to host dapi.kakao.com:443 ssl:default [Network is unreachable]
2026-04-10 18:54:18,784 [ERROR] 요청 실패 (37.635602,127.048142 p1): Cannot connect to host dapi.kakao.com:443 ssl:default [Network is unreachable]
2026-04-10 18:54:19,136 [ERROR] 요청 실패 (37.635602,127.052902 p1): Cannot connect to host dapi.kakao.com:443 ssl:default [Network is unreachable]
2026-04-10 18:54:19,488 [ERROR] 요청 실패 (37.635602,127.057661 p1): Cannot connect to host dapi.kakao.com:443 ssl:default [Network is unreachable]
2026-04-10 18:54:19,839 [ERROR] 요청 실패 (37.635602,127.062421 p1): Cannot connect to host dapi.kakao.com:443 ssl:default [Network is unreachable]
2026-04-10 18:54:20,190 [ERROR] 요청 실패 (37.635602,127.067181 p1): Cannot connect to host dapi.kakao.com:443 ssl:default [Network is unreachable]
2026-04-10 18:54:20,541 [ERROR] 요청 실패 (37.635602,127.071941 p1): Cannot connect to host dapi.kakao.com:443 ssl:default [Network is unreachable]
2026-04-10 18:54:20,893 [ERROR] 요청 실패 (37.635602,127.0767 p1): Cannot connect to host dapi.kakao.com:443 ssl:default [Network is unreachable]
2026-04-10 18:54:21,244 [ERROR] 요청 실패 (37.635602,127.08146 p1): Cannot connect to host dapi.kakao.com:443 ssl:default [Network is unreachable]
2026-04-10 18:54:21,594 [ERROR] 요청 실패 (37.635602,127.08622 p1): Cannot connect to host dapi.kakao.com:443 ssl:default [Network is unreachable]
2026-04-10 18:54:21,946 [ERROR] 요청 실패 (37.635602,127.09098 p1): Cannot connect to host dapi.kakao.com:443 ssl:default [Network is unreachable]
2026-04-10 18:54:22,297 [ERROR] 요청 실패 (37.635602,127.095739 p1): Cannot connect to host dapi.kakao.com:443 ssl:default [Network is unreachable]
2026-04-10 18:54:22,648 [ERROR] 요청 실패 (37.635602,127.100499 p1): Cannot connect to host dapi.kakao.com:443 ssl:default [Network is unreachable]
2026-04-10 18:54:38,608 [ERROR] 요청 실패 (37.635602,127.105259 p1): 
2026-04-10 18:54:53,000 [ERROR] 요청 실패 (37.635602,127.110018 p1): Cannot connect to host dapi.kakao.com:443 ssl:default [nodename nor servname provided, or not known]
2026-04-10 18:55:08,608 [ERROR] 요청 실패 (37.635602,127.114778 p1): 
2026-04-10 18:55:23,003 [ERROR] 요청 실패 (37.635602,127.119538 p1): Cannot connect to host dapi.kakao.com:443 ssl:default [nodename nor servname provided, or not known]
2026-04-10 18:55:38,608 [ERROR] 요청 실패 (37.635602,127.124298 p1): 
2026-04-10 18:55:52,251 [INFO] [진행] 셀: 5700/7695 (남은: 1995) | 식당: 107525 (총 181970) | API: 23671/90000 | DB저장: 107455 | 세분화: 2793 | 에러: 0 | 경과: 2.6시간
2026-04-10 18:57:17,713 [INFO] [진행] 셀: 5800/7695 (남은: 1895) | 식당: 108794 (총 183593) | API: 23911/90000 | DB저장: 108735 | 세분화: 2814 | 에러: 0 | 경과: 2.7시간
2026-04-10 18:58:12,605 [INFO] [일시정지] 60초 쉬기 (API 호출 24067건)
2026-04-10 18:59:23,958 [INFO] [진행] 셀: 5900/7695 (남은: 1795) | 식당: 109559 (총 184932) | API: 24100/90000 | DB저장: 109461 | 세분화: 2826 | 에러: 0 | 경과: 2.7시간
2026-04-10 19:00:59,366 [INFO] [진행] 셀: 6000/7695 (남은: 1695) | 식당: 110854 (총 186964) | API: 24367/90000 | DB저장: 110805 | 세분화: 2847 | 에러: 0 | 경과: 2.7시간
2026-04-10 19:02:38,946 [INFO] [진행] 셀: 6100/7695 (남은: 1595) | 식당: 112165 (총 188967) | API: 24645/90000 | DB저장: 112072 | 세분화: 2873 | 에러: 0 | 경과: 2.8시간
2026-04-10 19:04:35,729 [INFO] [진행] 셀: 6200/7695 (남은: 1495) | 식당: 113576 (총 191464) | API: 24974/90000 | DB저장: 113515 | 세분화: 2907 | 에러: 0 | 경과: 2.8시간
2026-04-10 19:05:08,857 [INFO] [일시정지] 60초 쉬기 (API 호출 25067건)
2026-04-10 19:07:13,302 [INFO] [진행] 셀: 6300/7695 (남은: 1395) | 식당: 114730 (총 193471) | API: 25249/90000 | DB저장: 114719 | 세분화: 2933 | 에러: 0 | 경과: 2.8시간
2026-04-10 19:08:47,237 [INFO] [진행] 셀: 6400/7695 (남은: 1295) | 식당: 115683 (총 195189) | API: 25515/90000 | DB저장: 115683 | 세분화: 2959 | 에러: 0 | 경과: 2.9시간
2026-04-10 19:10:17,117 [INFO] [진행] 셀: 6500/7695 (남은: 1195) | 식당: 116599 (총 196696) | API: 25770/90000 | DB저장: 116544 | 세분화: 2984 | 에러: 0 | 경과: 2.9시간
2026-04-10 19:11:28,363 [INFO] [진행] 셀: 6600/7695 (남은: 1095) | 식당: 117311 (총 197942) | API: 25971/90000 | DB저장: 117247 | 세분화: 2997 | 에러: 0 | 경과: 2.9시간
2026-04-10 19:12:36,935 [INFO] [진행] 셀: 6700/7695 (남은: 995) | 식당: 117925 (총 198990) | API: 26165/90000 | DB저장: 117889 | 세분화: 3011 | 에러: 0 | 경과: 2.9시간
2026-04-10 19:13:30,875 [INFO] [진행] 셀: 6800/7695 (남은: 895) | 식당: 118265 (총 199702) | API: 26318/90000 | DB저장: 118264 | 세분화: 3019 | 에러: 0 | 경과: 2.9시간
2026-04-10 19:14:20,492 [INFO] [진행] 셀: 6900/7695 (남은: 795) | 식당: 118622 (총 200287) | API: 26456/90000 | DB저장: 118568 | 세분화: 3023 | 에러: 0 | 경과: 2.9시간
2026-04-10 19:15:14,252 [INFO] [진행] 셀: 7000/7695 (남은: 695) | 식당: 118989 (총 200928) | API: 26608/90000 | DB저장: 118944 | 세분화: 3030 | 에러: 0 | 경과: 3.0시간
2026-04-10 19:16:00,345 [INFO] [진행] 셀: 7100/7695 (남은: 595) | 식당: 119283 (총 201376) | API: 26739/90000 | DB저장: 119270 | 세분화: 3034 | 에러: 0 | 경과: 3.0시간
2026-04-10 19:16:38,983 [INFO] [진행] 셀: 7200/7695 (남은: 495) | 식당: 119396 (총 201632) | API: 26849/90000 | DB저장: 119370 | 세분화: 3034 | 에러: 0 | 경과: 3.0시간
2026-04-10 19:17:16,483 [INFO] [진행] 셀: 7300/7695 (남은: 395) | 식당: 119551 (총 201874) | API: 26955/90000 | DB저장: 119472 | 세분화: 3034 | 에러: 0 | 경과: 3.0시간
2026-04-10 19:17:55,776 [INFO] [진행] 셀: 7400/7695 (남은: 295) | 식당: 119722 (총 202119) | API: 27064/90000 | DB저장: 119682 | 세분화: 3035 | 에러: 0 | 경과: 3.0시간
2026-04-10 19:17:56,793 [INFO] [일시정지] 60초 쉬기 (API 호출 27067건)
2026-04-10 19:19:42,736 [INFO] [진행] 셀: 7500/7695 (남은: 195) | 식당: 120112 (총 202687) | API: 27198/90000 | DB저장: 120109 | 세분화: 3039 | 에러: 0 | 경과: 3.0시간
2026-04-10 19:20:38,701 [INFO] [진행] 셀: 7600/7695 (남은: 95) | 식당: 120503 (총 203372) | API: 27354/90000 | DB저장: 120434 | 세분화: 3048 | 에러: 0 | 경과: 3.1시간
2026-04-10 19:21:30,068 [INFO] ============================================================
2026-04-10 19:21:30,069 [INFO] 크롤링 완료! (전체 완료)
2026-04-10 19:21:30,069 [INFO] 최종: 셀: 7695/7695 (남은: 0) | 식당: 120838 (총 203968) | API: 27496/90000 | DB저장: 120838 | 세분화: 3055 | 에러: 0 | 경과: 3.1시간
2026-04-10 19:21:30,069 [INFO] 총 수집 식당 ID: 120,838개
2026-04-10 19:21:30,069 [INFO] ============================================================
 [INFO] [진행] 셀: 7100/7695 (남은: -6005) | 식당: 1972 (총 3434) | API: 768/90000 | DB저장: 1959 | 세분화: 37 | 에러: 0 | 경과: 4.5분
2026-04-10 19:17:09,420 [INFO] [진행] 셀: 7100/7695 (남은: -4705) | 식당: 14345 (총 23856) | API: 3874/90000 | DB저장: 14332 | 세분화: 304 | 에러: 0 | 경과: 27.6분
2026-04-10 19:17:11,538 [INFO] [진행] 셀: 7200/7695 (남은: -6105) | 식당: 2085 (총 3690) | API: 878/90000 | DB저장: 2059 | 세분화: 37 | 에러: 0 | 경과: 5.2분
2026-04-10 19:17:48,955 [INFO] [진행] 셀: 7200/7695 (남은: -4805) | 식당: 14458 (총 24112) | API: 3984/90000 | DB저장: 14432 | 세분화: 304 | 에러: 0 | 경과: 28.2분
2026-04-10 19:17:49,630 [INFO] [진행] 셀: 7300/7695 (남은: -6205) | 식당: 2240 (총 3932) | API: 984/90000 | DB저장: 2161 | 세분화: 37 | 에러: 0 | 경과: 5.8분
2026-04-10 19:17:55,389 [INFO] [일시정지] 60초 쉬기 (API 호출 1000건)
2026-04-10 19:18:18,112 [INFO] [일시정지] 60초 쉬기 (API 호출 4065건)
2026-04-10 19:19:26,648 [INFO] [진행] 셀: 7300/7695 (남은: -4905) | 식당: 14613 (총 24354) | API: 4090/90000 | DB저장: 14534 | 세분화: 304 | 에러: 0 | 경과: 29.8분
2026-04-10 19:19:27,979 [INFO] [진행] 셀: 7400/7695 (남은: -6305) | 식당: 2411 (총 4177) | API: 1093/90000 | DB저장: 2371 | 세분화: 38 | 에러: 0 | 경과: 7.4분
2026-04-10 19:20:05,059 [INFO] [진행] 셀: 7400/7695 (남은: -5005) | 식당: 14784 (총 24599) | API: 4199/90000 | DB저장: 14744 | 세분화: 305 | 에러: 0 | 경과: 30.5분
2026-04-10 19:20:15,462 [INFO] [진행] 셀: 7500/7695 (남은: -6405) | 식당: 2801 (총 4745) | API: 1227/90000 | DB저장: 2798 | 세분화: 42 | 에러: 0 | 경과: 8.2분
2026-04-10 19:20:53,186 [INFO] [진행] 셀: 7500/7695 (남은: -5105) | 식당: 15174 (총 25167) | API: 4333/90000 | DB저장: 15171 | 세분화: 309 | 에러: 0 | 경과: 31.3분
2026-04-10 19:21:11,101 [INFO] [진행] 셀: 7600/7695 (남은: -6505) | 식당: 3192 (총 5430) | API: 1383/90000 | DB저장: 3123 | 세분화: 51 | 에러: 0 | 경과: 9.2분
2026-04-10 19:21:48,795 [INFO] [진행] 셀: 7600/7695 (남은: -5205) | 식당: 15565 (총 25852) | API: 4489/90000 | DB저장: 15496 | 세분화: 318 | 에러: 0 | 경과: 32.2분
2026-04-10 19:21:52,315 [INFO] [일시정지] 60초 쉬기 (API 호출 1500건)
2026-04-10 19:22:15,603 [INFO] [일시정지] 60초 쉬기 (API 호출 4565건)
2026-04-10 19:23:01,726 [INFO] ============================================================
2026-04-10 19:23:01,726 [INFO] 크롤링 완료! (전체 완료)
2026-04-10 19:23:01,726 [INFO] 최종: 셀: 7695/7695 (남은: -6600) | 식당: 3527 (총 6026) | API: 1525/90000 | DB저장: 3527 | 세분화: 58 | 에러: 0 | 경과: 11.0분
2026-04-10 19:23:01,726 [INFO] 총 수집 식당 ID: 120,880개
2026-04-10 19:23:01,726 [INFO] ============================================================
2026-04-10 19:23:39,031 [INFO] ============================================================
2026-04-10 19:23:39,031 [INFO] 크롤링 완료! (전체 완료)
2026-04-10 19:23:39,031 [INFO] 최종: 셀: 7695/7695 (남은: -5300) | 식당: 15900 (총 26448) | API: 4631/90000 | DB저장: 15900 | 세분화: 325 | 에러: 0 | 경과: 34.1분
2026-04-10 19:23:39,031 [INFO] 총 수집 식당 ID: 120,880개
2026-04-10 19:23:39,031 [INFO] ============================================================
