2026-04-11 05:47:32,670 [INFO] 서울 격자: 7695개 셀 (반경 300m, overlap 1.4x)
2026-04-11 05:47:32,674 [INFO] 크롤링 시작 
2026-04-11 05:47:32,674 [INFO]   전체 셀: 7695 | 이미 완료: 0 | 남은: 7695
2026-04-11 05:47:32,674 [INFO]   이미 수집된 식당 ID: 0개
2026-04-11 05:47:32,674 [INFO]   일일 API 한도: 90,000건
2026-04-11 05:47:32,674 [INFO]   설정: radius=300m, delay=0.35s, concurrent=5
2026-04-11 05:48:42,562 [INFO] [진행] 셀: 100/7695 (남은: 7595) | 식당: 821 (총 1080) | API: 199/90000 | DB저장: 776 | 세분화: 15 | 에러: 0 | 경과: 1.2분
2026-04-11 05:49:35,595 [INFO] [진행] 셀: 200/7695 (남은: 7495) | 식당: 1290 (총 1803) | API: 350/90000 | DB저장: 1201 | 세분화: 22 | 에러: 0 | 경과: 2.0분
2026-04-11 05:50:36,353 [INFO] [진행] 셀: 300/7695 (남은: 7395) | 식당: 1743 (총 2616) | API: 523/90000 | DB저장: 1732 | 세분화: 33 | 에러: 0 | 경과: 3.1분
2026-04-11 05:51:16,401 [INFO] [진행] 셀: 400/7695 (남은: 7295) | 식당: 1888 (총 2910) | API: 637/90000 | DB저장: 1836 | 세분화: 34 | 에러: 0 | 경과: 3.7분
2026-04-11 05:52:10,980 [INFO] [진행] 셀: 500/7695 (남은: 7195) | 식당: 2372 (총 3536) | API: 792/90000 | DB저장: 2296 | 세분화: 42 | 에러: 0 | 경과: 4.6분
2026-04-11 05:53:31,389 [INFO] [진행] 셀: 600/7695 (남은: 7095) | 식당: 3241 (총 4881) | API: 1019/90000 | DB저장: 3215 | 세분화: 63 | 에러: 0 | 경과: 6.0분
2026-04-11 05:54:42,868 [INFO] [진행] 셀: 700/7695 (남은: 6995) | 식당: 4005 (총 6197) | API: 1222/90000 | DB저장: 3970 | 세분화: 77 | 에러: 0 | 경과: 7.2분
2026-04-11 05:56:20,718 [INFO] [일시정지] 60초 쉬기 (API 호출 1500건)
2026-04-11 05:57:25,346 [INFO] [진행] 셀: 800/7695 (남은: 6895) | 식당: 5244 (총 8050) | API: 1514/90000 | DB저장: 5183 | 세분화: 108 | 에러: 0 | 경과: 9.9분
2026-04-11 05:59:03,006 [INFO] [진행] 셀: 900/7695 (남은: 6795) | 식당: 6205 (총 9892) | API: 1791/90000 | DB저장: 6141 | 세분화: 134 | 에러: 0 | 경과: 11.5분
2026-04-11 06:00:16,589 [INFO] [일시정지] 60초 쉬기 (API 호출 2000건)
2026-04-11 06:01:16,667 [INFO] [진행] 셀: 1000/7695 (남은: 6695) | 식당: 7023 (총 11204) | API: 2001/90000 | DB저장: 6999 | 세분화: 151 | 에러: 0 | 경과: 13.7분
2026-04-11 06:02:14,580 [INFO] [진행] 셀: 1100/7695 (남은: 6595) | 식당: 7508 (총 12099) | API: 2165/90000 | DB저장: 7474 | 세분화: 159 | 에러: 0 | 경과: 14.7분
2026-04-11 06:03:10,553 [INFO] [진행] 셀: 1200/7695 (남은: 6495) | 식당: 8061 (총 12892) | API: 2324/90000 | DB저장: 7994 | 세분화: 168 | 에러: 0 | 경과: 15.6분
2026-04-11 06:04:24,499 [INFO] [진행] 셀: 1300/7695 (남은: 6395) | 식당: 8748 (총 14104) | API: 2534/90000 | DB저장: 8746 | 세분화: 185 | 에러: 0 | 경과: 16.9분
2026-04-11 06:05:27,864 [INFO] [진행] 셀: 1400/7695 (남은: 6295) | 식당: 9414 (총 15128) | API: 2714/90000 | DB저장: 9414 | 세분화: 197 | 에러: 0 | 경과: 17.9분
2026-04-11 06:06:55,168 [INFO] [진행] 셀: 1500/7695 (남은: 6195) | 식당: 10566 (총 16883) | API: 2962/90000 | DB저장: 10561 | 세분화: 216 | 에러: 0 | 경과: 19.4분
2026-04-11 06:07:08,545 [INFO] [일시정지] 60초 쉬기 (API 호출 3000건)
2026-04-11 06:09:47,180 [INFO] [진행] 셀: 1600/7695 (남은: 6095) | 식당: 12026 (총 19070) | API: 3281/90000 | DB저장: 12022 | 세분화: 252 | 에러: 0 | 경과: 22.2분
2026-04-11 06:12:42,526 [INFO] [진행] 셀: 1700/7695 (남은: 5995) | 식당: 14458 (총 23019) | API: 3779/90000 | DB저장: 14446 | 세분화: 317 | 에러: 0 | 경과: 25.2분
2026-04-11 06:16:09,913 [INFO] [진행] 셀: 1800/7695 (남은: 5895) | 식당: 17721 (총 28098) | API: 4368/90000 | DB저장: 17641 | 세분화: 391 | 에러: 0 | 경과: 28.6분
2026-04-11 06:16:56,384 [INFO] [일시정지] 60초 쉬기 (API 호출 4500건)
2026-04-11 06:21:47,618 [INFO] [진행] 셀: 1900/7695 (남은: 5795) | 식당: 21867 (총 34909) | API: 5157/90000 | DB저장: 21845 | 세분화: 501 | 에러: 0 | 경과: 34.2분
2026-04-11 06:25:49,269 [INFO] [진행] 셀: 2000/7695 (남은: 5695) | 식당: 24779 (총 40360) | API: 5843/90000 | DB저장: 24779 | 세분화: 597 | 에러: 0 | 경과: 38.3분
2026-04-11 06:29:03,599 [INFO] [진행] 셀: 2100/7695 (남은: 5595) | 식당: 27614 (총 45078) | API: 6395/90000 | DB저장: 27614 | 세분화: 665 | 에러: 0 | 경과: 41.5분
2026-04-11 06:32:25,108 [INFO] [진행] 셀: 2200/7695 (남은: 5495) | 식당: 30714 (총 50185) | API: 6967/90000 | DB저장: 30623 | 세분화: 735 | 에러: 0 | 경과: 44.9분
2026-04-11 06:36:29,101 [INFO] [진행] 셀: 2300/7695 (남은: 5395) | 식당: 34122 (총 55930) | API: 7660/90000 | DB저장: 34094 | 세분화: 831 | 에러: 0 | 경과: 48.9분
2026-04-11 06:40:09,505 [INFO] [진행] 셀: 2400/7695 (남은: 5295) | 식당: 37297 (총 61140) | API: 8286/90000 | DB저장: 37236 | 세분화: 914 | 에러: 0 | 경과: 52.6분
2026-04-11 06:43:41,474 [INFO] [진행] 셀: 2500/7695 (남은: 5195) | 식당: 40199 (총 66052) | API: 8888/90000 | DB저장: 40143 | 세분화: 994 | 에러: 0 | 경과: 56.1분
2026-04-11 06:47:38,508 [INFO] [진행] 셀: 2600/7695 (남은: 5095) | 식당: 43320 (총 71613) | API: 9561/90000 | DB저장: 43320 | 세분화: 1083 | 에러: 0 | 경과: 1.0시간
2026-04-11 06:50:55,297 [INFO] [진행] 셀: 2700/7695 (남은: 4995) | 식당: 46112 (총 76446) | API: 10120/90000 | DB저장: 46112 | 세분화: 1153 | 에러: 0 | 경과: 1.1시간
2026-04-11 06:54:38,054 [INFO] [진행] 셀: 2800/7695 (남은: 4895) | 식당: 49083 (총 81595) | API: 10753/90000 | DB저장: 49063 | 세분화: 1238 | 에러: 0 | 경과: 1.1시간
2026-04-11 06:57:59,752 [INFO] [진행] 셀: 2900/7695 (남은: 4795) | 식당: 51799 (총 86328) | API: 11326/90000 | DB저장: 51748 | 세분화: 1311 | 에러: 0 | 경과: 1.2시간
2026-04-11 07:01:09,160 [INFO] [진행] 셀: 3000/7695 (남은: 4695) | 식당: 54209 (총 90527) | API: 11864/90000 | DB저장: 54186 | 세분화: 1380 | 에러: 0 | 경과: 1.2시간
2026-04-11 07:04:06,947 [INFO] [진행] 셀: 3100/7695 (남은: 4595) | 식당: 56661 (총 94538) | API: 12369/90000 | DB저장: 56603 | 세분화: 1444 | 에러: 0 | 경과: 1.3시간
2026-04-11 07:06:51,010 [INFO] [진행] 셀: 3200/7695 (남은: 4495) | 식당: 58692 (총 98158) | API: 12835/90000 | DB저장: 58668 | 세분화: 1498 | 에러: 0 | 경과: 1.3시간
2026-04-11 07:10:37,352 [INFO] [진행] 셀: 3300/7695 (남은: 4395) | 식당: 61701 (총 103222) | API: 13478/90000 | DB저장: 61606 | 세분화: 1588 | 에러: 0 | 경과: 1.4시간
2026-04-11 07:14:28,757 [INFO] [진행] 셀: 3400/7695 (남은: 4295) | 식당: 64928 (총 108689) | API: 14135/90000 | DB저장: 64928 | 세분화: 1675 | 에러: 0 | 경과: 1.4시간
2026-04-11 07:18:05,194 [INFO] [진행] 셀: 3500/7695 (남은: 4195) | 식당: 67684 (총 113671) | API: 14750/90000 | DB저장: 67613 | 세분화: 1756 | 에러: 0 | 경과: 1.5시간
2026-04-11 07:21:10,726 [INFO] [진행] 셀: 3600/7695 (남은: 4095) | 식당: 70426 (총 118144) | API: 15277/90000 | DB저장: 70391 | 세분화: 1820 | 에러: 0 | 경과: 1.6시간
2026-04-11 07:25:10,559 [INFO] [진행] 셀: 3700/7695 (남은: 3995) | 식당: 73913 (총 123965) | API: 15958/90000 | DB저장: 73881 | 세분화: 1907 | 에러: 0 | 경과: 1.6시간
2026-04-11 07:25:25,316 [INFO] [일시정지] 60초 쉬기 (API 호출 16000건)
2026-04-11 07:30:49,732 [INFO] [진행] 셀: 3800/7695 (남은: 3895) | 식당: 77610 (총 130511) | API: 16751/90000 | DB저장: 77610 | 세분화: 2019 | 에러: 0 | 경과: 1.7시간
2026-04-11 07:34:46,257 [INFO] [진행] 셀: 3900/7695 (남은: 3795) | 식당: 80978 (총 136201) | API: 17423/90000 | DB저장: 80978 | 세분화: 2106 | 에러: 0 | 경과: 1.8시간
2026-04-11 07:38:09,367 [INFO] [일시정지] 60초 쉬기 (API 호출 18000건)
2026-04-11 07:39:19,294 [INFO] [진행] 셀: 4000/7695 (남은: 3695) | 식당: 83687 (총 141142) | API: 18029/90000 | DB저장: 83613 | 세분화: 2184 | 에러: 0 | 경과: 1.9시간
2026-04-11 07:42:37,868 [INFO] [진행] 셀: 4100/7695 (남은: 3595) | 식당: 86371 (총 145722) | API: 18593/90000 | DB저장: 86367 | 세분화: 2255 | 에러: 0 | 경과: 1.9시간
2026-04-11 07:45:01,143 [INFO] [일시정지] 60초 쉬기 (API 호출 19000건)
2026-04-11 07:46:12,829 [INFO] [진행] 셀: 4200/7695 (남은: 3495) | 식당: 88261 (총 149156) | API: 19034/90000 | DB저장: 88169 | 세분화: 2308 | 에러: 0 | 경과: 2.0시간
2026-04-11 07:48:44,225 [INFO] [진행] 셀: 4300/7695 (남은: 3395) | 식당: 90162 (총 152363) | API: 19464/90000 | DB저장: 90104 | 세분화: 2359 | 에러: 0 | 경과: 2.0시간
2026-04-11 07:50:58,732 [INFO] [진행] 셀: 4400/7695 (남은: 3295) | 식당: 91595 (총 154942) | API: 19846/90000 | DB저장: 91595 | 세분화: 2406 | 에러: 0 | 경과: 2.1시간
2026-04-11 07:52:46,112 [INFO] [진행] 셀: 4500/7695 (남은: 3195) | 식당: 92936 (총 157095) | API: 20151/90000 | DB저장: 92894 | 세분화: 2438 | 에러: 0 | 경과: 2.1시간
2026-04-11 07:55:14,798 [INFO] [진행] 셀: 4600/7695 (남은: 3095) | 식당: 94897 (총 160282) | API: 20573/90000 | DB저장: 94897 | 세분화: 2491 | 에러: 0 | 경과: 2.1시간
2026-04-11 07:57:19,436 [INFO] [진행] 셀: 4700/7695 (남은: 2995) | 식당: 96468 (총 163055) | API: 20928/90000 | DB저장: 96423 | 세분화: 2530 | 에러: 0 | 경과: 2.2시간
2026-04-11 07:57:44,687 [INFO] [일시정지] 60초 쉬기 (API 호출 21000건)
2026-04-11 08:00:34,315 [INFO] [진행] 셀: 4800/7695 (남은: 2895) | 식당: 98263 (총 166058) | API: 21313/90000 | DB저장: 98207 | 세분화: 2573 | 에러: 0 | 경과: 2.2시간
2026-04-11 08:01:40,086 [INFO] [일시정지] 60초 쉬기 (API 호출 21500건)
2026-04-11 08:03:19,226 [INFO] [진행] 셀: 4900/7695 (남은: 2795) | 식당: 99431 (총 168270) | API: 21612/90000 | DB저장: 99401 | 세분화: 2605 | 에러: 0 | 경과: 2.3시간
2026-04-11 08:05:02,008 [INFO] [진행] 셀: 5000/7695 (남은: 2695) | 식당: 100769 (총 170469) | API: 21904/90000 | DB저장: 100678 | 세분화: 2634 | 에러: 0 | 경과: 2.3시간
2026-04-11 08:06:58,640 [INFO] [진행] 셀: 5100/7695 (남은: 2595) | 식당: 102341 (총 172991) | API: 22235/90000 | DB저장: 102341 | 세분화: 2667 | 에러: 0 | 경과: 2.3시간
2026-04-11 08:08:44,855 [INFO] [진행] 셀: 5200/7695 (남은: 2495) | 식당: 103731 (총 175282) | API: 22537/90000 | DB저장: 103658 | 세분화: 2695 | 에러: 0 | 경과: 2.4시간
2026-04-11 08:10:41,122 [INFO] [진행] 셀: 5300/7695 (남은: 2395) | 식당: 104981 (총 177637) | API: 22867/90000 | DB저장: 104932 | 세분화: 2731 | 에러: 0 | 경과: 2.4시간
2026-04-11 08:12:11,602 [INFO] [진행] 셀: 5400/7695 (남은: 2295) | 식당: 105970 (총 179291) | API: 23124/90000 | DB저장: 105919 | 세분화: 2757 | 에러: 0 | 경과: 2.4시간
2026-04-11 08:13:25,526 [INFO] [진행] 셀: 5500/7695 (남은: 2195) | 식당: 106672 (총 180552) | API: 23334/90000 | DB저장: 106634 | 세분화: 2772 | 에러: 0 | 경과: 2.4시간
2026-04-11 08:14:24,095 [INFO] [일시정지] 60초 쉬기 (API 호출 23500건)
2026-04-11 08:15:40,715 [INFO] [진행] 셀: 5600/7695 (남은: 2095) | 식당: 107470 (총 181815) | API: 23548/90000 | DB저장: 107456 | 세분화: 2789 | 에러: 0 | 경과: 2.5시간
2026-04-11 08:16:53,238 [INFO] [진행] 셀: 5700/7695 (남은: 1995) | 식당: 108156 (총 183079) | API: 23754/90000 | DB저장: 108103 | 세분화: 2805 | 에러: 0 | 경과: 2.5시간
2026-04-11 08:18:17,731 [INFO] [진행] 셀: 5800/7695 (남은: 1895) | 식당: 109209 (총 184702) | API: 23994/90000 | DB저장: 109182 | 세분화: 2826 | 에러: 0 | 경과: 2.5시간
2026-04-11 08:19:24,228 [INFO] [진행] 셀: 5900/7695 (남은: 1795) | 식당: 109974 (총 186041) | API: 24183/90000 | DB저장: 109876 | 세분화: 2838 | 에러: 0 | 경과: 2.5시간
2026-04-11 08:56:49,323 [INFO] 서울 격자: 7695개 셀 (반경 300m, overlap 1.4x)
2026-04-11 08:56:49,329 [INFO] 진행 상황 로드: 완료 셀 5900개, 식당 109974개, 이전 DB저장 109876건
2026-04-11 08:56:49,333 [INFO] 크롤링 시작 
2026-04-11 08:56:49,333 [INFO]   전체 셀: 7695 | 이미 완료: 5900 | 남은: 1795
2026-04-11 08:56:49,333 [INFO]   이미 수집된 식당 ID: 109974개
2026-04-11 08:56:49,333 [INFO]   일일 API 한도: 90,000건
2026-04-11 08:56:49,333 [INFO]   설정: radius=300m, delay=0.35s, concurrent=5
2026-04-11 08:58:22,886 [INFO] [진행] 셀: 6000/7695 (남은: -4205) | 식당: 1295 (총 2032) | API: 267/90000 | DB저장: 1246 | 세분화: 21 | 에러: 0 | 경과: 1.6분
2026-04-11 08:59:44,693 [INFO] [일시정지] 60초 쉬기 (API 호출 500건)
2026-04-11 09:01:00,432 [INFO] [진행] 셀: 6100/7695 (남은: -4305) | 식당: 2606 (총 4035) | API: 545/90000 | DB저장: 2513 | 세분화: 47 | 에러: 0 | 경과: 4.2분
2026-04-11 09:03:01,309 [INFO] [진행] 셀: 6200/7695 (남은: -4405) | 식당: 4017 (총 6532) | API: 874/90000 | DB저장: 3956 | 세분화: 81 | 에러: 0 | 경과: 6.2분
2026-04-11 09:04:37,863 [INFO] [진행] 셀: 6300/7695 (남은: -4505) | 식당: 5171 (총 8539) | API: 1149/90000 | DB저장: 5160 | 세분화: 107 | 에러: 0 | 경과: 7.8분
2026-04-11 09:06:11,259 [INFO] [진행] 셀: 6400/7695 (남은: -4605) | 식당: 6124 (총 10257) | API: 1415/90000 | DB저장: 6124 | 세분화: 133 | 에러: 0 | 경과: 9.4분
2026-04-11 09:06:41,073 [INFO] [일시정지] 60초 쉬기 (API 호출 1500건)
2026-04-11 09:08:40,506 [INFO] [진행] 셀: 6500/7695 (남은: -4705) | 식당: 7040 (총 11764) | API: 1670/90000 | DB저장: 6985 | 세분화: 158 | 에러: 0 | 경과: 11.9분
2026-04-11 09:09:51,066 [INFO] [진행] 셀: 6600/7695 (남은: -4805) | 식당: 7752 (총 13010) | API: 1871/90000 | DB저장: 7688 | 세분화: 171 | 에러: 0 | 경과: 13.0분
2026-04-11 09:10:59,191 [INFO] [진행] 셀: 6700/7695 (남은: -4905) | 식당: 8366 (총 14058) | API: 2065/90000 | DB저장: 8330 | 세분화: 185 | 에러: 0 | 경과: 14.2분
2026-04-11 09:11:52,908 [INFO] [진행] 셀: 6800/7695 (남은: -5005) | 식당: 8706 (총 14770) | API: 2218/90000 | DB저장: 8705 | 세분화: 193 | 에러: 0 | 경과: 15.1분
2026-04-11 09:12:41,761 [INFO] [진행] 셀: 6900/7695 (남은: -5105) | 식당: 9063 (총 15355) | API: 2356/90000 | DB저장: 9009 | 세분화: 197 | 에러: 0 | 경과: 15.9분
2026-04-11 09:13:32,331 [INFO] [일시정지] 60초 쉬기 (API 호출 2500건)
2026-04-11 09:14:34,882 [INFO] [진행] 셀: 7000/7695 (남은: -5205) | 식당: 9430 (총 15996) | API: 2508/90000 | DB저장: 9385 | 세분화: 204 | 에러: 0 | 경과: 17.8분
2026-04-11 09:15:21,123 [INFO] [진행] 셀: 7100/7695 (남은: -5305) | 식당: 9724 (총 16444) | API: 2639/90000 | DB저장: 9711 | 세분화: 208 | 에러: 0 | 경과: 18.5분
2026-04-11 09:15:59,781 [INFO] [진행] 셀: 7200/7695 (남은: -5405) | 식당: 9837 (총 16700) | API: 2749/90000 | DB저장: 9811 | 세분화: 208 | 에러: 0 | 경과: 19.2분
2026-04-11 09:16:36,950 [INFO] [진행] 셀: 7300/7695 (남은: -5505) | 식당: 9992 (총 16942) | API: 2855/90000 | DB저장: 9913 | 세분화: 208 | 에러: 0 | 경과: 19.8분
2026-04-11 09:17:15,240 [INFO] [진행] 셀: 7400/7695 (남은: -5605) | 식당: 10163 (총 17187) | API: 2964/90000 | DB저장: 10123 | 세분화: 209 | 에러: 0 | 경과: 20.4분
2026-04-11 09:17:27,914 [INFO] [일시정지] 60초 쉬기 (API 호출 3000건)
2026-04-11 09:44:48,359 [INFO] 서울 격자: 7695개 셀 (반경 300m, overlap 1.4x)
2026-04-11 09:44:48,367 [INFO] 진행 상황 로드: 완료 셀 7400개, 식당 120137개, 이전 DB저장 10123건
2026-04-11 09:44:48,374 [INFO] 크롤링 시작 
2026-04-11 09:44:48,374 [INFO]   전체 셀: 7695 | 이미 완료: 7400 | 남은: 295
2026-04-11 09:44:48,374 [INFO]   이미 수집된 식당 ID: 120137개
2026-04-11 09:44:48,375 [INFO]   일일 API 한도: 90,000건
2026-04-11 09:44:48,375 [INFO]   설정: radius=300m, delay=0.35s, concurrent=5
2026-04-11 09:45:36,188 [INFO] [진행] 셀: 7500/7695 (남은: -7205) | 식당: 389 (총 567) | API: 134/90000 | DB저장: 332 | 세분화: 4 | 에러: 0 | 경과: 0.8분
2026-04-11 09:46:31,104 [INFO] [진행] 셀: 7600/7695 (남은: -7305) | 식당: 780 (총 1251) | API: 290/90000 | DB저장: 711 | 세분화: 13 | 에러: 0 | 경과: 1.7분
2026-04-11 09:47:21,156 [INFO] ============================================================
2026-04-11 09:47:21,156 [INFO] 크롤링 완료! (전체 완료)
2026-04-11 09:47:21,156 [INFO] 최종: 셀: 7695/7695 (남은: -7400) | 식당: 1115 (총 1847) | API: 432/90000 | DB저장: 1115 | 세분화: 20 | 에러: 0 | 경과: 2.5분
2026-04-11 09:47:21,156 [INFO] 총 수집 식당 ID: 121,252개
2026-04-11 09:47:21,156 [INFO] ============================================================
