2026-04-10 11:34:43,131 [INFO] 서울 격자: 7695개 셀 (반경 300m, overlap 1.4x)
2026-04-10 11:34:43,135 [INFO] 크롤링 시작 
2026-04-10 11:34:43,135 [INFO]   전체 셀: 7695 | 이미 완료: 0 | 남은: 7695
2026-04-10 11:34:43,135 [INFO]   이미 수집된 식당 ID: 0개
2026-04-10 11:34:43,135 [INFO]   일일 API 한도: 90,000건
2026-04-10 11:34:43,135 [INFO]   설정: radius=300m, delay=0.35s, concurrent=5
2026-04-10 11:35:26,951 [INFO] [진행] 셀: 100/7695 (남은: 7595) | 식당: 563 (총 663) | API: 125/90000 | DB저장: 475 | 세분화: 0 | 에러: 0 | 경과: 0.7분
2026-04-10 11:36:10,485 [INFO] [진행] 셀: 200/7695 (남은: 7495) | 식당: 996 (총 1318) | API: 249/90000 | DB저장: 907 | 세분화: 0 | 에러: 0 | 경과: 1.5분
2026-04-10 11:36:51,938 [INFO] [진행] 셀: 300/7695 (남은: 7395) | 식당: 1358 (총 1804) | API: 365/90000 | DB저장: 1354 | 세분화: 0 | 에러: 0 | 경과: 2.1분
2026-04-10 11:37:30,280 [INFO] [진행] 셀: 400/7695 (남은: 7295) | 식당: 1548 (총 2072) | API: 474/90000 | DB저장: 1475 | 세분화: 0 | 에러: 0 | 경과: 2.8분
2026-04-10 11:37:39,497 [INFO] [일시정지] 60초 쉬기 (API 호출 500건)
2026-04-10 11:39:12,562 [INFO] [진행] 셀: 500/7695 (남은: 7195) | 식당: 1965 (총 2580) | API: 593/90000 | DB저장: 1936 | 세분화: 0 | 에러: 0 | 경과: 4.5분
2026-04-10 11:40:01,101 [INFO] [진행] 셀: 600/7695 (남은: 7095) | 식당: 2535 (총 3312) | API: 718/90000 | DB저장: 2532 | 세분화: 0 | 에러: 0 | 경과: 5.3분
2026-04-10 11:40:47,370 [INFO] [진행] 셀: 700/7695 (남은: 6995) | 식당: 3182 (총 4156) | API: 850/90000 | DB저장: 3133 | 세분화: 0 | 에러: 0 | 경과: 6.1분
2026-04-10 11:41:37,306 [INFO] [진행] 셀: 800/7695 (남은: 6895) | 식당: 4066 (총 5147) | API: 992/90000 | DB저장: 3985 | 세분화: 0 | 에러: 0 | 경과: 6.9분
2026-04-10 11:41:40,023 [INFO] [일시정지] 60초 쉬기 (API 호출 1000건)
2026-04-10 11:43:27,940 [INFO] [진행] 셀: 900/7695 (남은: 6795) | 식당: 4897 (총 6183) | API: 1136/90000 | DB저장: 4844 | 세분화: 0 | 에러: 0 | 경과: 8.7분
2026-04-10 11:44:16,901 [INFO] [진행] 셀: 1000/7695 (남은: 6695) | 식당: 5637 (총 7080) | API: 1270/90000 | DB저장: 5630 | 세분화: 0 | 에러: 0 | 경과: 9.6분
2026-04-10 11:44:59,811 [INFO] [진행] 셀: 1100/7695 (남은: 6595) | 식당: 6088 (총 7713) | API: 1392/90000 | DB저장: 6082 | 세분화: 0 | 에러: 0 | 경과: 10.3분
2026-04-10 11:45:37,755 [INFO] [일시정지] 60초 쉬기 (API 호출 1500건)
2026-04-10 11:46:42,390 [INFO] [진행] 셀: 1200/7695 (남은: 6495) | 식당: 6595 (총 8369) | API: 1514/90000 | DB저장: 6531 | 세분화: 0 | 에러: 0 | 경과: 12.0분
2026-04-10 11:47:29,210 [INFO] [진행] 셀: 1300/7695 (남은: 6395) | 식당: 7234 (총 9217) | API: 1647/90000 | DB저장: 7136 | 세분화: 0 | 에러: 0 | 경과: 12.8분
2026-04-10 11:48:14,730 [INFO] [진행] 셀: 1400/7695 (남은: 6295) | 식당: 7878 (총 10045) | API: 1774/90000 | DB저장: 7878 | 세분화: 0 | 에러: 0 | 경과: 13.5분
2026-04-10 11:49:05,046 [INFO] [진행] 셀: 1500/7695 (남은: 6195) | 식당: 8752 (총 11075) | API: 1917/90000 | DB저장: 8699 | 세분화: 0 | 에러: 0 | 경과: 14.4분
2026-04-10 11:50:00,668 [INFO] [진행] 셀: 1600/7695 (남은: 6095) | 식당: 9986 (총 12498) | API: 2075/90000 | DB저장: 9982 | 세분화: 0 | 에러: 0 | 경과: 15.3분
2026-04-10 11:51:05,152 [INFO] [진행] 셀: 1700/7695 (남은: 5995) | 식당: 11639 (총 14420) | API: 2256/90000 | DB저장: 11611 | 세분화: 0 | 에러: 0 | 경과: 16.4분
2026-04-10 11:52:14,667 [INFO] [진행] 셀: 1800/7695 (남은: 5895) | 식당: 13708 (총 16694) | API: 2453/90000 | DB저장: 13680 | 세분화: 0 | 에러: 0 | 경과: 17.5분
2026-04-10 11:52:31,278 [INFO] [일시정지] 60초 쉬기 (API 호출 2500건)
2026-04-10 11:54:31,935 [INFO] [진행] 셀: 1900/7695 (남은: 5795) | 식당: 16197 (총 19488) | API: 2673/90000 | DB저장: 16179 | 세분화: 0 | 에러: 0 | 경과: 19.8분
2026-04-10 11:55:48,871 [INFO] [진행] 셀: 2000/7695 (남은: 5695) | 식당: 18613 (총 22257) | API: 2891/90000 | DB저장: 18534 | 세분화: 0 | 에러: 0 | 경과: 21.1분
2026-04-10 11:57:02,294 [INFO] [진행] 셀: 2100/7695 (남은: 5595) | 식당: 20774 (총 24712) | API: 3095/90000 | DB저장: 20678 | 세분화: 0 | 에러: 0 | 경과: 22.3분
2026-04-10 11:58:18,196 [INFO] [진행] 셀: 2200/7695 (남은: 5495) | 식당: 23084 (총 27401) | API: 3311/90000 | DB저장: 23083 | 세분화: 0 | 에러: 0 | 경과: 23.6분
2026-04-10 11:59:34,456 [INFO] [진행] 셀: 2300/7695 (남은: 5395) | 식당: 25485 (총 30137) | API: 3528/90000 | DB저장: 25416 | 세분화: 0 | 에러: 0 | 경과: 24.9분
2026-04-10 12:00:47,944 [INFO] [진행] 셀: 2400/7695 (남은: 5295) | 식당: 27649 (총 32598) | API: 3736/90000 | DB저장: 27634 | 세분화: 0 | 에러: 0 | 경과: 26.1분
2026-04-10 12:01:57,786 [INFO] [진행] 셀: 2500/7695 (남은: 5195) | 식당: 29647 (총 34965) | API: 3932/90000 | DB저장: 29638 | 세분화: 0 | 에러: 0 | 경과: 27.2분
2026-04-10 12:03:14,659 [INFO] [진행] 셀: 2600/7695 (남은: 5095) | 식당: 31815 (총 37512) | API: 4144/90000 | DB저장: 31815 | 세분화: 0 | 에러: 0 | 경과: 28.5분
2026-04-10 12:04:29,220 [INFO] [진행] 셀: 2700/7695 (남은: 4995) | 식당: 33812 (총 39904) | API: 4345/90000 | DB저장: 33808 | 세분화: 0 | 에러: 0 | 경과: 29.8분
2026-04-10 12:05:36,989 [INFO] [진행] 셀: 2800/7695 (남은: 4895) | 식당: 35703 (총 42071) | API: 4538/90000 | DB저장: 35645 | 세분화: 0 | 에러: 0 | 경과: 30.9분
2026-04-10 12:06:44,560 [INFO] [진행] 셀: 2900/7695 (남은: 4795) | 식당: 37607 (총 44256) | API: 4730/90000 | DB저장: 37607 | 세분화: 0 | 에러: 0 | 경과: 32.0분
2026-04-10 12:07:47,125 [INFO] [진행] 셀: 3000/7695 (남은: 4695) | 식당: 39285 (총 46201) | API: 4908/90000 | DB저장: 39285 | 세분화: 0 | 에러: 0 | 경과: 33.1분
2026-04-10 12:08:19,265 [INFO] [일시정지] 60초 쉬기 (API 호출 5000건)
2026-04-10 12:09:52,103 [INFO] [진행] 셀: 3100/7695 (남은: 4595) | 식당: 41047 (총 48184) | API: 5094/90000 | DB저장: 41045 | 세분화: 0 | 에러: 0 | 경과: 35.1분
2026-04-10 12:10:55,460 [INFO] [진행] 셀: 3200/7695 (남은: 4495) | 식당: 42707 (총 50043) | API: 5274/90000 | DB저장: 42612 | 세분화: 0 | 에러: 0 | 경과: 36.2분
2026-04-10 12:12:02,350 [INFO] [진행] 셀: 3300/7695 (남은: 4395) | 식당: 44598 (총 52144) | API: 5464/90000 | DB저장: 44508 | 세분화: 0 | 에러: 0 | 경과: 37.3분
2026-04-10 12:13:11,710 [INFO] [진행] 셀: 3400/7695 (남은: 4295) | 식당: 46622 (총 54382) | API: 5661/90000 | DB저장: 46526 | 세분화: 0 | 에러: 0 | 경과: 38.5분
2026-04-10 12:14:21,787 [INFO] [진행] 셀: 3500/7695 (남은: 4195) | 식당: 48531 (총 56640) | API: 5860/90000 | DB저장: 48515 | 세분화: 0 | 에러: 0 | 경과: 39.6분
2026-04-10 12:15:27,794 [INFO] [진행] 셀: 3600/7695 (남은: 4095) | 식당: 50421 (총 58703) | API: 6047/90000 | DB저장: 50421 | 세분화: 0 | 에러: 0 | 경과: 40.7분
2026-04-10 12:16:40,104 [INFO] [진행] 셀: 3700/7695 (남은: 3995) | 식당: 52504 (총 61125) | API: 6253/90000 | DB저장: 52503 | 세분화: 0 | 에러: 0 | 경과: 41.9분
2026-04-10 12:17:53,887 [INFO] [진행] 셀: 3800/7695 (남은: 3895) | 식당: 54680 (총 63646) | API: 6461/90000 | DB저장: 54679 | 세분화: 0 | 에러: 0 | 경과: 43.2분
2026-04-10 12:19:01,834 [INFO] [진행] 셀: 3900/7695 (남은: 3795) | 식당: 56562 (총 65784) | API: 6654/90000 | DB저장: 56493 | 세분화: 0 | 에러: 0 | 경과: 44.3분
2026-04-10 12:20:06,975 [INFO] [진행] 셀: 4000/7695 (남은: 3695) | 식당: 58278 (총 67740) | API: 6839/90000 | DB저장: 58204 | 세분화: 0 | 에러: 0 | 경과: 45.4분
2026-04-10 12:21:03,644 [INFO] [일시정지] 60초 쉬기 (API 호출 7000건)
2026-04-10 12:22:08,288 [INFO] [진행] 셀: 4100/7695 (남은: 3595) | 식당: 59747 (총 69431) | API: 7014/90000 | DB저장: 59667 | 세분화: 0 | 에러: 0 | 경과: 47.4분
2026-04-10 12:23:09,408 [INFO] [진행] 셀: 4200/7695 (남은: 3495) | 식당: 61242 (총 71167) | API: 7187/90000 | DB저장: 61179 | 세분화: 0 | 에러: 0 | 경과: 48.4분
2026-04-10 12:24:08,442 [INFO] [진행] 셀: 4300/7695 (남은: 3395) | 식당: 62609 (총 72710) | API: 7355/90000 | DB저장: 62595 | 세분화: 0 | 에러: 0 | 경과: 49.4분
2026-04-10 12:24:59,312 [INFO] [일시정지] 60초 쉬기 (API 호출 7500건)
2026-04-10 12:26:02,549 [INFO] [진행] 셀: 4400/7695 (남은: 3295) | 식당: 63747 (총 74034) | API: 7510/90000 | DB저장: 63722 | 세분화: 0 | 에러: 0 | 경과: 51.3분
2026-04-10 12:27:21,161 [INFO] [진행] 셀: 4500/7695 (남은: 3195) | 식당: 64850 (총 75355) | API: 7664/90000 | DB저장: 64796 | 세분화: 0 | 에러: 0 | 경과: 52.6분
2026-04-10 12:28:18,349 [INFO] [진행] 셀: 4600/7695 (남은: 3095) | 식당: 66211 (총 76903) | API: 7827/90000 | DB저장: 66127 | 세분화: 0 | 에러: 0 | 경과: 53.6분
2026-04-10 12:29:14,178 [INFO] [진행] 셀: 4700/7695 (남은: 2995) | 식당: 67484 (총 78371) | API: 7986/90000 | DB저장: 67460 | 세분화: 0 | 에러: 0 | 경과: 54.5분
2026-04-10 12:29:19,110 [INFO] [일시정지] 60초 쉬기 (API 호출 8000건)
2026-04-10 12:31:11,499 [INFO] [진행] 셀: 4800/7695 (남은: 2895) | 식당: 68799 (총 79926) | API: 8150/90000 | DB저장: 68712 | 세분화: 0 | 에러: 0 | 경과: 56.5분
2026-04-10 12:32:12,286 [INFO] [진행] 셀: 4900/7695 (남은: 2795) | 식당: 70012 (총 81347) | API: 8307/90000 | DB저장: 69923 | 세분화: 0 | 에러: 0 | 경과: 57.5분
2026-04-10 12:33:48,591 [INFO] [진행] 셀: 5000/7695 (남은: 2695) | 식당: 71227 (총 82777) | API: 8465/90000 | DB저장: 71202 | 세분화: 0 | 에러: 0 | 경과: 59.1분
2026-04-10 12:34:44,750 [INFO] [진행] 셀: 5100/7695 (남은: 2595) | 식당: 72452 (총 84242) | API: 8625/90000 | DB저장: 72386 | 세분화: 0 | 에러: 0 | 경과: 1.0시간
2026-04-10 12:35:40,590 [INFO] [진행] 셀: 5200/7695 (남은: 2495) | 식당: 73609 (총 85649) | API: 8784/90000 | DB저장: 73546 | 세분화: 0 | 에러: 0 | 경과: 1.0시간
2026-04-10 12:36:41,847 [INFO] [진행] 셀: 5300/7695 (남은: 2395) | 식당: 74729 (총 87047) | API: 8943/90000 | DB저장: 74631 | 세분화: 0 | 에러: 0 | 경과: 1.0시간
2026-04-10 12:37:32,492 [INFO] [진행] 셀: 5400/7695 (남은: 2295) | 식당: 75561 (총 88099) | API: 9086/90000 | DB저장: 75544 | 세분화: 0 | 에러: 0 | 경과: 1.0시간
2026-04-10 12:38:20,251 [INFO] [진행] 셀: 5500/7695 (남은: 2195) | 식당: 76247 (총 88990) | API: 9222/90000 | DB저장: 76244 | 세분화: 0 | 에러: 0 | 경과: 1.1시간
2026-04-10 12:39:07,632 [INFO] [진행] 셀: 5600/7695 (남은: 2095) | 식당: 76829 (총 89689) | API: 9348/90000 | DB저장: 76821 | 세분화: 0 | 에러: 0 | 경과: 1.1시간
2026-04-10 12:40:29,748 [INFO] [진행] 셀: 5700/7695 (남은: 1995) | 식당: 77470 (총 90510) | API: 9479/90000 | DB저장: 77428 | 세분화: 0 | 에러: 0 | 경과: 1.1시간
2026-04-10 12:40:46,841 [INFO] [일시정지] 60초 쉬기 (API 호출 9500건)
2026-04-10 12:42:25,946 [INFO] [진행] 셀: 5800/7695 (남은: 1895) | 식당: 78212 (총 91379) | API: 9612/90000 | DB저장: 78207 | 세분화: 0 | 에러: 0 | 경과: 1.1시간
2026-04-10 12:43:43,513 [INFO] [진행] 셀: 5900/7695 (남은: 1795) | 식당: 78878 (총 92249) | API: 9741/90000 | DB저장: 78781 | 세분화: 0 | 에러: 0 | 경과: 1.2시간
2026-04-10 12:44:38,723 [INFO] [진행] 셀: 6000/7695 (남은: 1695) | 식당: 79974 (총 93598) | API: 9898/90000 | DB저장: 79928 | 세분화: 0 | 에러: 0 | 경과: 1.2시간
2026-04-10 12:45:14,544 [INFO] [일시정지] 60초 쉬기 (API 호출 10000건)
2026-04-10 12:46:32,540 [INFO] [진행] 셀: 6100/7695 (남은: 1595) | 식당: 81069 (총 94932) | API: 10052/90000 | DB저장: 81008 | 세분화: 0 | 에러: 0 | 경과: 1.2시간
2026-04-10 12:47:27,169 [INFO] [진행] 셀: 6200/7695 (남은: 1495) | 식당: 82162 (총 96294) | API: 10207/90000 | DB저장: 82102 | 세분화: 0 | 에러: 0 | 경과: 1.2시간
2026-04-10 12:48:16,418 [INFO] [진행] 셀: 6300/7695 (남은: 1395) | 식당: 82958 (총 97305) | API: 10347/90000 | DB저장: 82890 | 세분화: 0 | 에러: 0 | 경과: 1.2시간
2026-04-10 12:49:05,560 [INFO] [진행] 셀: 6400/7695 (남은: 1295) | 식당: 83829 (총 98357) | API: 10487/90000 | DB저장: 83829 | 세분화: 0 | 에러: 0 | 경과: 1.2시간
2026-04-10 12:49:10,109 [INFO] [일시정지] 60초 쉬기 (API 호출 10500건)
2026-04-10 12:50:54,082 [INFO] [진행] 셀: 6500/7695 (남은: 1195) | 식당: 84721 (총 99362) | API: 10626/90000 | DB저장: 84655 | 세분화: 0 | 에러: 0 | 경과: 1.3시간
2026-04-10 12:51:42,195 [INFO] [진행] 셀: 6600/7695 (남은: 1095) | 식당: 85426 (총 100247) | API: 10763/90000 | DB저장: 85362 | 세분화: 0 | 에러: 0 | 경과: 1.3시간
2026-04-10 12:52:27,850 [INFO] [진행] 셀: 6700/7695 (남은: 995) | 식당: 86047 (총 101024) | API: 10893/90000 | DB저장: 86034 | 세분화: 0 | 에러: 0 | 경과: 1.3시간
2026-04-10 12:53:05,387 [INFO] [일시정지] 60초 쉬기 (API 호출 11000건)
2026-04-10 12:54:09,428 [INFO] [진행] 셀: 6800/7695 (남은: 895) | 식당: 86426 (총 101572) | API: 11012/90000 | DB저장: 86370 | 세분화: 0 | 에러: 0 | 경과: 1.3시간
2026-04-10 12:54:49,704 [INFO] [진행] 셀: 6900/7695 (남은: 795) | 식당: 86705 (총 101979) | API: 11127/90000 | DB저장: 86700 | 세분화: 0 | 에러: 0 | 경과: 1.3시간
2026-04-10 12:55:31,592 [INFO] [진행] 셀: 7000/7695 (남은: 695) | 식당: 87107 (총 102489) | API: 11246/90000 | DB저장: 87046 | 세분화: 0 | 에러: 0 | 경과: 1.3시간
2026-04-10 12:56:10,649 [INFO] [진행] 셀: 7100/7695 (남은: 595) | 식당: 87394 (총 102848) | API: 11357/90000 | DB저장: 87367 | 세분화: 0 | 에러: 0 | 경과: 1.4시간
2026-04-10 12:56:49,400 [INFO] [진행] 셀: 7200/7695 (남은: 495) | 식당: 87547 (총 103105) | API: 11467/90000 | DB저장: 87475 | 세분화: 0 | 에러: 0 | 경과: 1.4시간
2026-04-10 12:57:00,976 [INFO] [일시정지] 60초 쉬기 (API 호출 11500건)
2026-04-10 12:58:26,406 [INFO] [진행] 셀: 7300/7695 (남은: 395) | 식당: 87702 (총 103347) | API: 11573/90000 | DB저장: 87677 | 세분화: 0 | 에러: 0 | 경과: 1.4시간
2026-04-10 12:59:02,665 [INFO] [진행] 셀: 7400/7695 (남은: 295) | 식당: 87871 (총 103559) | API: 11676/90000 | DB저장: 87818 | 세분화: 0 | 에러: 0 | 경과: 1.4시간
2026-04-10 12:59:43,887 [INFO] [진행] 셀: 7500/7695 (남은: 195) | 식당: 88258 (총 104084) | API: 11793/90000 | DB저장: 88254 | 세분화: 0 | 에러: 0 | 경과: 1.4시간
2026-04-10 13:00:25,057 [INFO] [진행] 셀: 7600/7695 (남은: 95) | 식당: 88627 (총 104594) | API: 11910/90000 | DB저장: 88593 | 세분화: 0 | 에러: 0 | 경과: 1.4시간
2026-04-10 13:00:56,719 [INFO] [일시정지] 60초 쉬기 (API 호출 12000건)
2026-04-10 13:02:07,748 [INFO] ============================================================
2026-04-10 13:02:07,748 [INFO] 크롤링 완료! (전체 완료)
2026-04-10 13:02:07,748 [INFO] 최종: 셀: 7695/7695 (남은: 0) | 식당: 88926 (총 104969) | API: 12017/90000 | DB저장: 88926 | 세분화: 0 | 에러: 0 | 경과: 1.5시간
2026-04-10 13:02:07,748 [INFO] 총 수집 식당 ID: 88,926개
2026-04-10 13:02:07,748 [INFO] ============================================================
