2026-04-12 11:15:27,073 [INFO] 서울 격자: 7695개 셀 (반경 300m, overlap 1.4x)
2026-04-12 11:15:27,076 [INFO] 크롤링 시작 
2026-04-12 11:15:27,076 [INFO]   전체 셀: 7695 | 이미 완료: 0 | 남은: 7695
2026-04-12 11:15:27,076 [INFO]   이미 수집된 식당 ID: 0개
2026-04-12 11:15:27,076 [INFO]   일일 API 한도: 90,000건
2026-04-12 11:15:27,076 [INFO]   설정: radius=300m, delay=0.35s, concurrent=5
2026-04-12 11:16:07,899 [INFO] [진행] 셀: 100/7695 (남은: 7595) | 식당: 230 (총 316) | API: 116/90000 | DB저장: 222 | 세분화: 1 | 에러: 0 | 경과: 0.7분
2026-04-12 11:16:44,877 [INFO] [진행] 셀: 200/7695 (남은: 7495) | 식당: 395 (총 563) | API: 221/90000 | DB저장: 323 | 세분화: 1 | 에러: 0 | 경과: 1.3분
2026-04-12 11:17:22,701 [INFO] [진행] 셀: 300/7695 (남은: 7395) | 식당: 538 (총 819) | API: 328/90000 | DB저장: 439 | 세분화: 1 | 에러: 0 | 경과: 1.9분
2026-04-12 11:17:58,610 [INFO] [진행] 셀: 400/7695 (남은: 7295) | 식당: 622 (총 956) | API: 430/90000 | DB저장: 548 | 세분화: 1 | 에러: 0 | 경과: 2.5분
2026-04-12 11:18:23,483 [INFO] [일시정지] 60초 쉬기 (API 호출 500건)
2026-04-12 11:19:37,157 [INFO] [진행] 셀: 500/7695 (남은: 7195) | 식당: 778 (총 1208) | API: 539/90000 | DB저장: 767 | 세분화: 2 | 에러: 0 | 경과: 4.2분
2026-04-12 11:20:16,578 [INFO] [진행] 셀: 600/7695 (남은: 7095) | 식당: 957 (총 1516) | API: 650/90000 | DB저장: 871 | 세분화: 3 | 에러: 0 | 경과: 4.8분
2026-04-12 11:20:53,734 [INFO] [진행] 셀: 700/7695 (남은: 6995) | 식당: 1091 (총 1754) | API: 755/90000 | DB저장: 1084 | 세분화: 3 | 에러: 0 | 경과: 5.4분
2026-04-12 11:21:33,594 [INFO] [진행] 셀: 800/7695 (남은: 6895) | 식당: 1311 (총 2062) | API: 865/90000 | DB저장: 1286 | 세분화: 3 | 에러: 0 | 경과: 6.1분
2026-04-12 11:22:14,047 [INFO] [진행] 셀: 900/7695 (남은: 6795) | 식당: 1541 (총 2447) | API: 977/90000 | DB저장: 1492 | 세분화: 3 | 에러: 0 | 경과: 6.8분
2026-04-12 11:22:22,145 [INFO] [일시정지] 60초 쉬기 (API 호출 1000건)
2026-04-12 11:23:51,269 [INFO] [진행] 셀: 1000/7695 (남은: 6695) | 식당: 1750 (총 2758) | API: 1083/90000 | DB저장: 1702 | 세분화: 3 | 에러: 0 | 경과: 8.4분
2026-04-12 11:24:27,548 [INFO] [진행] 셀: 1100/7695 (남은: 6595) | 식당: 1876 (총 2976) | API: 1185/90000 | DB저장: 1811 | 세분화: 3 | 에러: 0 | 경과: 9.0분
2026-04-12 11:25:04,391 [INFO] [진행] 셀: 1200/7695 (남은: 6495) | 식당: 2020 (총 3180) | API: 1286/90000 | DB저장: 2013 | 세분화: 3 | 에러: 0 | 경과: 9.6분
2026-04-12 11:25:41,754 [INFO] [진행] 셀: 1300/7695 (남은: 6395) | 식당: 2200 (총 3485) | API: 1392/90000 | DB저장: 2133 | 세분화: 3 | 에러: 0 | 경과: 10.2분
2026-04-12 11:26:18,547 [INFO] [진행] 셀: 1400/7695 (남은: 6295) | 식당: 2414 (총 3798) | API: 1496/90000 | DB저장: 2336 | 세분화: 3 | 에러: 0 | 경과: 10.9분
2026-04-12 11:26:19,938 [INFO] [일시정지] 60초 쉬기 (API 호출 1500건)
2026-04-12 11:28:00,506 [INFO] [진행] 셀: 1500/7695 (남은: 6195) | 식당: 2729 (총 4304) | API: 1616/90000 | DB저장: 2647 | 세분화: 4 | 에러: 0 | 경과: 12.6분
2026-04-12 11:28:40,902 [INFO] [진행] 셀: 1600/7695 (남은: 6095) | 식당: 3106 (총 4844) | API: 1729/90000 | DB저장: 3065 | 세분화: 4 | 에러: 0 | 경과: 13.2분
2026-04-12 11:29:41,308 [INFO] [진행] 셀: 1700/7695 (남은: 5995) | 식당: 3740 (총 5994) | API: 1898/90000 | DB저장: 3734 | 세분화: 12 | 에러: 0 | 경과: 14.2분
2026-04-12 11:30:39,298 [INFO] [진행] 셀: 1800/7695 (남은: 5895) | 식당: 4594 (총 7289) | API: 2062/90000 | DB저장: 4514 | 세분화: 17 | 에러: 0 | 경과: 15.2분
2026-04-12 11:31:49,454 [INFO] [진행] 셀: 1900/7695 (남은: 5795) | 식당: 5619 (총 8996) | API: 2260/90000 | DB저장: 5602 | 세분화: 25 | 에러: 0 | 경과: 16.4분
2026-04-12 11:32:47,081 [INFO] [진행] 셀: 2000/7695 (남은: 5695) | 식당: 6452 (총 10379) | API: 2424/90000 | DB저장: 6418 | 세분화: 30 | 에러: 0 | 경과: 17.3분
2026-04-12 11:33:40,625 [INFO] [진행] 셀: 2100/7695 (남은: 5595) | 식당: 7143 (총 11508) | API: 2574/90000 | DB저장: 7143 | 세분화: 34 | 에러: 0 | 경과: 18.2분
2026-04-12 11:34:34,903 [INFO] [진행] 셀: 2200/7695 (남은: 5495) | 식당: 7922 (총 12756) | API: 2729/90000 | DB저장: 7891 | 세분화: 39 | 에러: 0 | 경과: 19.1분
2026-04-12 11:35:41,755 [INFO] [진행] 셀: 2300/7695 (남은: 5395) | 식당: 8864 (총 14352) | API: 2919/90000 | DB저장: 8791 | 세분화: 48 | 에러: 0 | 경과: 20.2분
2026-04-12 11:36:46,798 [INFO] [진행] 셀: 2400/7695 (남은: 5295) | 식당: 9772 (총 15830) | API: 3104/90000 | DB저장: 9716 | 세분화: 57 | 에러: 0 | 경과: 21.3분
2026-04-12 11:37:49,824 [INFO] [진행] 셀: 2500/7695 (남은: 5195) | 식당: 10633 (총 17234) | API: 3281/90000 | DB저장: 10609 | 세분화: 66 | 에러: 0 | 경과: 22.4분
2026-04-12 11:38:55,775 [INFO] [진행] 셀: 2600/7695 (남은: 5095) | 식당: 11502 (총 18700) | API: 3466/90000 | DB저장: 11481 | 세분화: 76 | 에러: 0 | 경과: 23.5분
2026-04-12 11:39:07,888 [INFO] [일시정지] 60초 쉬기 (API 호출 3500건)
2026-04-12 11:40:52,009 [INFO] [진행] 셀: 2700/7695 (남은: 4995) | 식당: 12241 (총 19909) | API: 3623/90000 | DB저장: 12236 | 세분화: 82 | 에러: 0 | 경과: 25.4분
2026-04-12 11:41:51,975 [INFO] [진행] 셀: 2800/7695 (남은: 4895) | 식당: 13006 (총 21139) | API: 3792/90000 | DB저장: 13000 | 세분화: 89 | 에러: 0 | 경과: 26.4분
2026-04-12 11:42:55,473 [INFO] [진행] 셀: 2900/7695 (남은: 4795) | 식당: 13767 (총 22429) | API: 3971/90000 | DB저장: 13767 | 세분화: 98 | 에러: 0 | 경과: 27.5분
2026-04-12 11:44:01,314 [INFO] [진행] 셀: 3000/7695 (남은: 4695) | 식당: 14492 (총 23707) | API: 4157/90000 | DB저장: 14476 | 세분화: 109 | 에러: 0 | 경과: 28.6분
2026-04-12 11:44:55,182 [INFO] [진행] 셀: 3100/7695 (남은: 4595) | 식당: 15145 (총 24761) | API: 4306/90000 | DB저장: 15137 | 세분화: 112 | 에러: 0 | 경과: 29.5분
2026-04-12 11:45:48,873 [INFO] [진행] 셀: 3200/7695 (남은: 4495) | 식당: 15718 (총 25759) | API: 4451/90000 | DB저장: 15675 | 세분화: 115 | 에러: 0 | 경과: 30.4분
2026-04-12 11:46:48,608 [INFO] [진행] 셀: 3300/7695 (남은: 4395) | 식당: 16508 (총 27010) | API: 4621/90000 | DB저장: 16448 | 세분화: 120 | 에러: 0 | 경과: 31.4분
2026-04-12 11:48:02,427 [INFO] [진행] 셀: 3400/7695 (남은: 4295) | 식당: 17545 (총 28755) | API: 4829/90000 | DB저장: 17528 | 세분화: 131 | 에러: 0 | 경과: 32.6분
2026-04-12 11:49:09,121 [INFO] [진행] 셀: 3500/7695 (남은: 4195) | 식당: 18424 (총 30299) | API: 5019/90000 | DB저장: 18413 | 세분화: 140 | 에러: 0 | 경과: 33.7분
2026-04-12 11:50:15,655 [INFO] [진행] 셀: 3600/7695 (남은: 4095) | 식당: 19346 (총 31748) | API: 5205/90000 | DB저장: 19309 | 세분화: 149 | 에러: 0 | 경과: 34.8분
2026-04-12 11:51:35,859 [INFO] [진행] 셀: 3700/7695 (남은: 3995) | 식당: 20479 (총 33666) | API: 5432/90000 | DB저장: 20423 | 세분화: 166 | 에러: 0 | 경과: 36.1분
2026-04-12 11:51:59,726 [INFO] [일시정지] 60초 쉬기 (API 호출 5500건)
2026-04-12 11:54:02,830 [INFO] [진행] 셀: 3800/7695 (남은: 3895) | 식당: 21716 (총 35787) | API: 5678/90000 | DB저장: 21711 | 세분화: 181 | 에러: 0 | 경과: 38.6분
2026-04-12 11:55:14,471 [INFO] [진행] 셀: 3900/7695 (남은: 3795) | 식당: 22704 (총 37476) | API: 5881/90000 | DB저장: 22696 | 세분화: 192 | 에러: 0 | 경과: 39.8분
2026-04-12 11:56:20,963 [INFO] [진행] 셀: 4000/7695 (남은: 3695) | 식당: 23540 (총 38913) | API: 6070/90000 | DB저장: 23469 | 세분화: 202 | 에러: 0 | 경과: 40.9분
2026-04-12 11:57:21,811 [INFO] [진행] 셀: 4100/7695 (남은: 3595) | 식당: 24255 (총 40086) | API: 6240/90000 | DB저장: 24223 | 세분화: 209 | 에러: 0 | 경과: 41.9분
2026-04-12 11:58:15,220 [INFO] [진행] 셀: 4200/7695 (남은: 3495) | 식당: 24875 (총 41073) | API: 6391/90000 | DB저장: 24858 | 세분화: 214 | 에러: 0 | 경과: 42.8분
2026-04-12 11:59:15,332 [INFO] [진행] 셀: 4300/7695 (남은: 3395) | 식당: 25528 (총 42192) | API: 6561/90000 | DB저장: 25446 | 세분화: 221 | 에러: 0 | 경과: 43.8분
2026-04-12 12:00:08,476 [INFO] [진행] 셀: 4400/7695 (남은: 3295) | 식당: 26051 (총 43131) | API: 6712/90000 | DB저장: 25992 | 세분화: 225 | 에러: 0 | 경과: 44.7분
2026-04-12 12:00:54,094 [INFO] [진행] 셀: 4500/7695 (남은: 3195) | 식당: 26470 (총 43797) | API: 6839/90000 | DB저장: 26415 | 세분화: 226 | 에러: 0 | 경과: 45.5분
2026-04-12 12:01:44,938 [INFO] [진행] 셀: 4600/7695 (남은: 3095) | 식당: 26957 (총 44649) | API: 6983/90000 | DB저장: 26894 | 세분화: 230 | 에러: 0 | 경과: 46.3분
2026-04-12 12:01:51,136 [INFO] [일시정지] 60초 쉬기 (API 호출 7000건)
2026-04-12 12:03:31,216 [INFO] [진행] 셀: 4700/7695 (남은: 2995) | 식당: 27431 (총 45390) | API: 7112/90000 | DB저장: 27424 | 세분화: 232 | 에러: 0 | 경과: 48.1분
2026-04-12 12:04:15,183 [INFO] [진행] 셀: 4800/7695 (남은: 2895) | 식당: 27880 (총 46121) | API: 7237/90000 | DB저장: 27853 | 세분화: 232 | 에러: 0 | 경과: 48.8분
2026-04-12 12:04:56,754 [INFO] [진행] 셀: 4900/7695 (남은: 2795) | 식당: 28204 (총 46666) | API: 7355/90000 | DB저장: 28158 | 세분화: 233 | 에러: 0 | 경과: 49.5분
2026-04-12 12:05:37,551 [INFO] [진행] 셀: 5000/7695 (남은: 2695) | 식당: 28535 (총 47195) | API: 7467/90000 | DB저장: 28489 | 세분화: 233 | 에러: 0 | 경과: 50.2분
2026-04-12 12:05:49,305 [INFO] [일시정지] 60초 쉬기 (API 호출 7500건)
2026-04-12 12:07:18,758 [INFO] [진행] 셀: 5100/7695 (남은: 2595) | 식당: 28897 (총 47767) | API: 7583/90000 | DB저장: 28801 | 세분화: 233 | 에러: 0 | 경과: 51.9분
2026-04-12 12:07:59,073 [INFO] [진행] 셀: 5200/7695 (남은: 2495) | 식당: 29196 (총 48239) | API: 7697/90000 | DB저장: 29105 | 세분화: 234 | 에러: 0 | 경과: 52.5분
2026-04-12 12:08:41,663 [INFO] [진행] 셀: 5300/7695 (남은: 2395) | 식당: 29514 (총 48776) | API: 7815/90000 | DB저장: 29510 | 세분화: 236 | 에러: 0 | 경과: 53.2분
2026-04-12 12:09:21,279 [INFO] [진행] 셀: 5400/7695 (남은: 2295) | 식당: 29743 (총 49159) | API: 7927/90000 | DB저장: 29716 | 세분화: 237 | 에러: 0 | 경과: 53.9분
2026-04-12 12:09:47,102 [INFO] [일시정지] 60초 쉬기 (API 호출 8000건)
2026-04-12 12:11:00,040 [INFO] [진행] 셀: 5500/7695 (남은: 2195) | 식당: 29943 (총 49503) | API: 8037/90000 | DB저장: 29930 | 세분화: 238 | 에러: 0 | 경과: 55.5분
2026-04-12 12:11:37,798 [INFO] [진행] 셀: 5600/7695 (남은: 2095) | 식당: 30131 (총 49792) | API: 8144/90000 | DB저장: 30131 | 세분화: 238 | 에러: 0 | 경과: 56.2분
2026-04-12 12:12:17,398 [INFO] [진행] 셀: 5700/7695 (남은: 1995) | 식당: 30348 (총 50129) | API: 8256/90000 | DB저장: 30347 | 세분화: 238 | 에러: 0 | 경과: 56.8분
2026-04-12 12:12:58,921 [INFO] [진행] 셀: 5800/7695 (남은: 1895) | 식당: 30585 (총 50527) | API: 8373/90000 | DB저장: 30552 | 세분화: 239 | 에러: 0 | 경과: 57.5분
2026-04-12 12:13:36,206 [INFO] [진행] 셀: 5900/7695 (남은: 1795) | 식당: 30802 (총 50864) | API: 8478/90000 | DB저장: 30759 | 세분화: 239 | 에러: 0 | 경과: 58.2분
2026-04-12 12:13:43,914 [INFO] [일시정지] 60초 쉬기 (API 호출 8500건)
2026-04-12 12:15:16,755 [INFO] [진행] 셀: 6000/7695 (남은: 1695) | 식당: 31142 (총 51369) | API: 8592/90000 | DB저장: 31075 | 세분화: 239 | 에러: 0 | 경과: 59.8분
2026-04-12 12:16:00,502 [INFO] [진행] 셀: 6100/7695 (남은: 1595) | 식당: 31511 (총 51988) | API: 8716/90000 | DB저장: 31482 | 세분화: 240 | 에러: 0 | 경과: 1.0시간
2026-04-12 12:16:43,737 [INFO] [진행] 셀: 6200/7695 (남은: 1495) | 식당: 31848 (총 52561) | API: 8837/90000 | DB저장: 31796 | 세분화: 242 | 에러: 0 | 경과: 1.0시간
2026-04-12 12:17:27,570 [INFO] [진행] 셀: 6300/7695 (남은: 1395) | 식당: 32170 (총 53093) | API: 8961/90000 | DB저장: 32103 | 세분화: 244 | 에러: 0 | 경과: 1.0시간
2026-04-12 12:17:41,387 [INFO] [일시정지] 60초 쉬기 (API 호출 9000건)
2026-04-12 12:19:08,132 [INFO] [진행] 셀: 6400/7695 (남은: 1295) | 식당: 32434 (총 53505) | API: 9074/90000 | DB저장: 32426 | 세분화: 244 | 에러: 0 | 경과: 1.1시간
2026-04-12 12:19:48,910 [INFO] [진행] 셀: 6500/7695 (남은: 1195) | 식당: 32724 (총 53949) | API: 9188/90000 | DB저장: 32656 | 세분화: 244 | 에러: 0 | 경과: 1.1시간
2026-04-12 12:20:27,309 [INFO] [진행] 셀: 6600/7695 (남은: 1095) | 식당: 32933 (총 54305) | API: 9297/90000 | DB저장: 32867 | 세분화: 244 | 에러: 0 | 경과: 1.1시간
2026-04-12 13:10:54,628 [ERROR] 요청 실패 (37.677103,126.73876 p1): 
2026-04-12 13:57:11,424 [ERROR] 요청 실패 (37.677103,126.743519 p1): 
2026-04-12 14:21:31,024 [ERROR] 요청 실패 (37.677103,126.748279 p1): Cannot connect to host dapi.kakao.com:443 ssl:default [nodename nor servname provided, or not known]
2026-04-12 14:22:03,191 [INFO] [진행] 셀: 6700/7695 (남은: 995) | 식당: 33058 (총 54506) | API: 9401/90000 | DB저장: 32970 | 세분화: 244 | 에러: 0 | 경과: 3.1시간
2026-04-12 14:22:39,389 [INFO] [진행] 셀: 6800/7695 (남은: 895) | 식당: 33144 (총 54655) | API: 9503/90000 | DB저장: 33070 | 세분화: 244 | 에러: 0 | 경과: 3.1시간
2026-04-12 14:22:39,390 [INFO] [일시정지] 60초 쉬기 (API 호출 9503건)
2026-04-12 14:24:15,743 [INFO] [진행] 셀: 6900/7695 (남은: 795) | 식당: 33235 (총 54796) | API: 9605/90000 | DB저장: 33171 | 세분화: 244 | 에러: 0 | 경과: 3.1시간
2026-04-12 14:24:51,007 [INFO] [진행] 셀: 7000/7695 (남은: 695) | 식당: 33296 (총 54905) | API: 9705/90000 | DB저장: 33275 | 세분화: 244 | 에러: 0 | 경과: 3.2시간
2026-04-12 14:25:26,465 [INFO] [진행] 셀: 7100/7695 (남은: 595) | 식당: 33359 (총 55001) | API: 9806/90000 | DB저장: 33275 | 세분화: 244 | 에러: 0 | 경과: 3.2시간
2026-04-12 14:26:01,580 [INFO] [진행] 셀: 7200/7695 (남은: 495) | 식당: 33400 (총 55080) | API: 9906/90000 | DB저장: 33376 | 세분화: 244 | 에러: 0 | 경과: 3.2시간
2026-04-12 14:26:35,624 [INFO] [일시정지] 60초 쉬기 (API 호출 10003건)
2026-04-12 14:27:36,385 [INFO] [진행] 셀: 7300/7695 (남은: 395) | 식당: 33439 (총 55149) | API: 10006/90000 | DB저장: 33376 | 세분화: 244 | 에러: 0 | 경과: 3.2시간
2026-04-12 14:28:11,739 [INFO] [진행] 셀: 7400/7695 (남은: 295) | 식당: 33477 (총 55210) | API: 10106/90000 | DB저장: 33476 | 세분화: 244 | 에러: 0 | 경과: 3.2시간
2026-04-12 14:28:47,194 [INFO] [진행] 셀: 7500/7695 (남은: 195) | 식당: 33560 (총 55332) | API: 10207/90000 | DB저장: 33476 | 세분화: 244 | 에러: 0 | 경과: 3.2시간
2026-04-12 14:29:23,080 [INFO] [진행] 셀: 7600/7695 (남은: 95) | 식당: 33639 (총 55477) | API: 10309/90000 | DB저장: 33589 | 세분화: 244 | 에러: 0 | 경과: 3.2시간
2026-04-12 14:29:57,766 [INFO] ============================================================
2026-04-12 14:29:57,767 [INFO] 크롤링 완료! (전체 완료)
2026-04-12 14:29:57,767 [INFO] 최종: 셀: 7695/7695 (남은: 0) | 식당: 33726 (총 55626) | API: 10407/90000 | DB저장: 33726 | 세분화: 244 | 에러: 0 | 경과: 3.2시간
2026-04-12 14:29:57,767 [INFO] 총 수집 식당 ID: 33,726개
2026-04-12 14:29:57,767 [INFO] ============================================================
