2026-04-11 09:48:56,289 [INFO] 서울 격자: 7695개 셀 (반경 300m, overlap 1.4x)
2026-04-11 09:48:56,293 [INFO] 크롤링 시작 
2026-04-11 09:48:56,293 [INFO]   전체 셀: 7695 | 이미 완료: 0 | 남은: 7695
2026-04-11 09:48:56,293 [INFO]   이미 수집된 식당 ID: 0개
2026-04-11 09:48:56,293 [INFO]   일일 API 한도: 90,000건
2026-04-11 09:48:56,293 [INFO]   설정: radius=300m, delay=0.35s, concurrent=5
2026-04-11 09:50:06,722 [INFO] [진행] 셀: 100/7695 (남은: 7595) | 식당: 654 (총 1140) | API: 201/90000 | DB저장: 609 | 세분화: 15 | 에러: 0 | 경과: 1.2분
2026-04-11 09:50:56,243 [INFO] [진행] 셀: 200/7695 (남은: 7495) | 식당: 1095 (총 1856) | API: 342/90000 | DB저장: 1081 | 세분화: 19 | 에러: 0 | 경과: 2.0분
2026-04-11 09:51:56,345 [INFO] [진행] 셀: 300/7695 (남은: 7395) | 식당: 1523 (총 2694) | API: 513/90000 | DB저장: 1498 | 세분화: 30 | 에러: 0 | 경과: 3.0분
2026-04-11 09:52:37,080 [INFO] [진행] 셀: 400/7695 (남은: 7295) | 식당: 1717 (총 3022) | API: 629/90000 | DB저장: 1711 | 세분화: 31 | 에러: 0 | 경과: 3.7분
2026-04-11 09:53:35,351 [INFO] [진행] 셀: 500/7695 (남은: 7195) | 식당: 2161 (총 3825) | API: 795/90000 | DB저장: 2071 | 세분화: 40 | 에러: 0 | 경과: 4.7분
2026-04-11 09:54:59,306 [INFO] [진행] 셀: 600/7695 (남은: 7095) | 식당: 2952 (총 5399) | API: 1034/90000 | DB저장: 2889 | 세분화: 61 | 에러: 0 | 경과: 6.1분
2026-04-11 09:56:19,716 [INFO] [진행] 셀: 700/7695 (남은: 6995) | 식당: 3708 (총 6870) | API: 1263/90000 | DB저장: 3626 | 세분화: 80 | 에러: 0 | 경과: 7.4분
2026-04-11 09:58:08,051 [INFO] [진행] 셀: 800/7695 (남은: 6895) | 식당: 4800 (총 9018) | API: 1571/90000 | DB저장: 4732 | 세분화: 112 | 에러: 0 | 경과: 9.2분
2026-04-11 09:59:42,835 [INFO] [진행] 셀: 900/7695 (남은: 6795) | 식당: 5898 (총 10961) | API: 1841/90000 | DB저장: 5834 | 세분화: 136 | 에러: 0 | 경과: 10.8분
2026-04-11 10:00:38,664 [INFO] [일시정지] 60초 쉬기 (API 호출 2000건)
2026-04-11 10:02:04,204 [INFO] [진행] 셀: 1000/7695 (남은: 6695) | 식당: 6730 (총 12479) | API: 2073/90000 | DB저장: 6706 | 세분화: 155 | 에러: 0 | 경과: 13.1분
2026-04-11 10:03:08,811 [INFO] [진행] 셀: 1100/7695 (남은: 6595) | 식당: 7302 (총 13556) | API: 2257/90000 | DB저장: 7231 | 세분화: 166 | 에러: 0 | 경과: 14.2분
2026-04-11 10:04:05,690 [INFO] [진행] 셀: 1200/7695 (남은: 6495) | 식당: 7768 (총 14372) | API: 2419/90000 | DB저장: 7750 | 세분화: 175 | 에러: 0 | 경과: 15.2분
2026-04-11 10:04:34,124 [INFO] [일시정지] 60초 쉬기 (API 호출 2500건)
2026-04-11 10:06:17,429 [INFO] [진행] 셀: 1300/7695 (남은: 6395) | 식당: 8447 (총 15562) | API: 2623/90000 | DB저장: 8358 | 세분화: 191 | 에러: 0 | 경과: 17.4분
2026-04-11 10:07:22,380 [INFO] [진행] 셀: 1400/7695 (남은: 6295) | 식당: 9119 (총 16728) | API: 2808/90000 | DB저장: 9119 | 세분화: 203 | 에러: 0 | 경과: 18.4분
2026-04-11 10:09:06,791 [INFO] [진행] 셀: 1500/7695 (남은: 6195) | 식당: 10302 (총 19147) | API: 3105/90000 | DB저장: 10298 | 세분화: 228 | 에러: 0 | 경과: 20.2분
2026-04-11 10:10:56,317 [INFO] [진행] 셀: 1600/7695 (남은: 6095) | 식당: 11593 (총 21429) | API: 3417/90000 | DB저장: 11562 | 세분화: 258 | 에러: 0 | 경과: 22.0분
2026-04-11 10:14:13,247 [INFO] [진행] 셀: 1700/7695 (남은: 5995) | 식당: 13956 (총 26267) | API: 3977/90000 | DB저장: 13949 | 세분화: 325 | 에러: 0 | 경과: 25.3분
2026-04-11 10:14:21,274 [INFO] [일시정지] 60초 쉬기 (API 호출 4000건)
2026-04-11 10:18:53,290 [INFO] [진행] 셀: 1800/7695 (남은: 5895) | 식당: 16862 (총 31886) | API: 4594/90000 | DB저장: 16834 | 세분화: 398 | 에러: 0 | 경과: 30.0분
2026-04-11 10:24:21,207 [INFO] [진행] 셀: 1900/7695 (남은: 5795) | 식당: 20869 (총 40216) | API: 5525/90000 | DB저장: 20834 | 세분화: 524 | 에러: 0 | 경과: 35.4분
2026-04-11 10:28:23,457 [INFO] [진행] 셀: 2000/7695 (남은: 5695) | 식당: 23924 (총 46214) | API: 6214/90000 | DB저장: 23924 | 세분화: 614 | 에러: 0 | 경과: 39.5분
2026-04-11 10:31:42,674 [INFO] [진행] 셀: 2100/7695 (남은: 5595) | 식당: 26740 (총 51374) | API: 6779/90000 | DB저장: 26740 | 세분화: 679 | 에러: 0 | 경과: 42.8분
2026-04-11 10:35:32,957 [INFO] [진행] 셀: 2200/7695 (남은: 5495) | 식당: 29876 (총 57483) | API: 7435/90000 | DB저장: 29785 | 세분화: 759 | 에러: 0 | 경과: 46.6분
2026-04-11 10:35:55,769 [INFO] [일시정지] 60초 쉬기 (API 호출 7500건)
2026-04-11 10:41:24,434 [INFO] [진행] 셀: 2300/7695 (남은: 5395) | 식당: 33325 (총 64977) | API: 8265/90000 | DB저장: 33289 | 세분화: 868 | 에러: 0 | 경과: 52.5분
2026-04-11 10:45:32,887 [INFO] [진행] 셀: 2400/7695 (남은: 5295) | 식당: 36538 (총 71321) | API: 8968/90000 | DB저장: 36498 | 세분화: 957 | 에러: 0 | 경과: 56.6분
2026-04-11 10:49:34,753 [INFO] [진행] 셀: 2500/7695 (남은: 5195) | 식당: 39222 (총 76403) | API: 9570/90000 | DB저장: 39189 | 세분화: 1036 | 에러: 0 | 경과: 1.0시간
2026-04-11 10:53:33,051 [INFO] [진행] 셀: 2600/7695 (남은: 5095) | 식당: 42324 (총 82406) | API: 10248/90000 | DB저장: 42324 | 세분화: 1122 | 에러: 0 | 경과: 1.1시간
2026-04-11 10:57:14,307 [INFO] [진행] 셀: 2700/7695 (남은: 4995) | 식당: 45169 (총 88114) | API: 10876/90000 | DB저장: 45151 | 세분화: 1199 | 에러: 0 | 경과: 1.1시간
2026-04-11 11:00:48,543 [INFO] [진행] 셀: 2800/7695 (남은: 4895) | 식당: 47851 (총 93514) | API: 11484/90000 | DB저장: 47838 | 세분화: 1275 | 에러: 0 | 경과: 1.2시간
2026-04-11 11:00:54,361 [INFO] [일시정지] 60초 쉬기 (API 호출 11500건)
2026-04-11 11:05:28,657 [INFO] [진행] 셀: 2900/7695 (남은: 4795) | 식당: 50604 (총 98959) | API: 12108/90000 | DB저장: 50517 | 세분화: 1353 | 에러: 0 | 경과: 1.3시간
2026-04-11 11:07:47,727 [INFO] [일시정지] 60초 쉬기 (API 호출 12500건)
2026-04-11 11:09:57,656 [INFO] [진행] 셀: 3000/7695 (남은: 4695) | 식당: 53070 (총 103995) | API: 12700/90000 | DB저장: 53047 | 세분화: 1429 | 에러: 0 | 경과: 1.4시간
2026-04-11 11:13:13,910 [INFO] [진행] 셀: 3100/7695 (남은: 4595) | 식당: 55553 (총 108712) | API: 13259/90000 | DB저장: 55479 | 세분화: 1498 | 에러: 0 | 경과: 1.4시간
2026-04-11 11:14:38,724 [INFO] [일시정지] 60초 쉬기 (API 호출 13500건)
2026-04-11 11:16:44,366 [INFO] [진행] 셀: 3200/7695 (남은: 4495) | 식당: 57491 (총 112256) | API: 13686/90000 | DB저장: 57464 | 세분화: 1545 | 에러: 0 | 경과: 1.5시간
2026-04-11 11:18:34,919 [INFO] [일시정지] 60초 쉬기 (API 호출 14000건)
2026-04-11 11:21:40,762 [INFO] [진행] 셀: 3300/7695 (남은: 4395) | 식당: 60419 (총 118057) | API: 14357/90000 | DB저장: 60419 | 세분화: 1635 | 에러: 0 | 경과: 1.5시간
2026-04-11 11:22:30,707 [INFO] [일시정지] 60초 쉬기 (API 호출 14500건)
2026-04-11 11:26:42,459 [INFO] [진행] 셀: 3400/7695 (남은: 4295) | 식당: 63426 (총 124007) | API: 15045/90000 | DB저장: 63426 | 세분화: 1725 | 에러: 0 | 경과: 1.6시간
2026-04-11 11:29:22,446 [INFO] [일시정지] 60초 쉬기 (API 호출 15500건)
2026-04-11 11:31:38,220 [INFO] [진행] 셀: 3500/7695 (남은: 4195) | 식당: 66234 (총 129672) | API: 15681/90000 | DB저장: 66215 | 세분화: 1805 | 에러: 0 | 경과: 1.7시간
2026-04-11 11:34:56,403 [INFO] [진행] 셀: 3600/7695 (남은: 4095) | 식당: 68880 (총 134737) | API: 16235/90000 | DB저장: 68842 | 세분화: 1867 | 에러: 0 | 경과: 1.8시간
2026-04-11 11:38:46,897 [INFO] [진행] 셀: 3700/7695 (남은: 3995) | 식당: 72037 (총 140750) | API: 16887/90000 | DB저장: 71957 | 세분화: 1944 | 에러: 0 | 경과: 1.8시간
2026-04-11 11:44:04,324 [INFO] [진행] 셀: 3800/7695 (남은: 3895) | 식당: 75820 (총 148808) | API: 17786/90000 | DB저장: 75755 | 세분화: 2064 | 에러: 0 | 경과: 1.9시간
2026-04-11 11:48:41,165 [INFO] [진행] 셀: 3900/7695 (남은: 3795) | 식당: 79071 (총 155681) | API: 18572/90000 | DB저장: 79046 | 세분화: 2166 | 에러: 0 | 경과: 2.0시간
2026-04-11 11:51:58,904 [INFO] [진행] 셀: 4000/7695 (남은: 3695) | 식당: 81642 (총 160412) | API: 19132/90000 | DB저장: 81568 | 세분화: 2235 | 에러: 0 | 경과: 2.1시간
2026-04-11 11:55:49,328 [INFO] [진행] 셀: 4100/7695 (남은: 3595) | 식당: 84288 (총 165977) | API: 19781/90000 | DB저장: 84218 | 세분화: 2316 | 에러: 0 | 경과: 2.1시간
2026-04-11 11:57:06,477 [INFO] [일시정지] 60초 쉬기 (API 호출 20000건)
2026-04-11 11:59:15,688 [INFO] [진행] 셀: 4200/7695 (남은: 3495) | 식당: 86180 (총 169367) | API: 20197/90000 | DB저장: 86115 | 세분화: 2364 | 에러: 0 | 경과: 2.2시간
2026-04-11 12:01:48,446 [INFO] [진행] 셀: 4300/7695 (남은: 3395) | 식당: 87986 (총 172908) | API: 20632/90000 | DB저장: 87939 | 세분화: 2413 | 에러: 0 | 경과: 2.2시간
2026-04-11 12:03:57,899 [INFO] [일시정지] 60초 쉬기 (API 호출 21000건)
2026-04-11 12:05:08,524 [INFO] [진행] 셀: 4400/7695 (남은: 3295) | 식당: 89563 (총 176066) | API: 21031/90000 | DB저장: 89542 | 세분화: 2457 | 에러: 0 | 경과: 2.3시간
2026-04-11 12:06:59,890 [INFO] [진행] 셀: 4500/7695 (남은: 3195) | 식당: 90830 (총 178446) | API: 21347/90000 | DB저장: 90776 | 세분화: 2489 | 에러: 0 | 경과: 2.3시간
2026-04-11 12:09:40,751 [INFO] [진행] 셀: 4600/7695 (남은: 3095) | 식당: 92702 (총 182140) | API: 21803/90000 | DB저장: 92631 | 세분화: 2544 | 에러: 0 | 경과: 2.3시간
2026-04-11 12:21:46,333 [ERROR] Supabase 배치 upsert 예외: [Errno 54] Connection reset by peer
2026-04-11 12:22:48,112 [INFO] [진행] 셀: 4700/7695 (남은: 2995) | 식당: 94338 (총 185119) | API: 22159/90000 | DB저장: 94186 | 세분화: 2580 | 에러: 1 | 경과: 2.6시간
2026-04-11 12:25:12,306 [INFO] [진행] 셀: 4800/7695 (남은: 2895) | 식당: 96206 (총 188773) | API: 22569/90000 | DB저장: 96038 | 세분화: 2621 | 에러: 1 | 경과: 2.6시간
2026-04-11 12:26:50,611 [INFO] [진행] 셀: 4900/7695 (남은: 2795) | 식당: 97469 (총 190943) | API: 22849/90000 | DB저장: 97282 | 세분화: 2647 | 에러: 1 | 경과: 2.6시간
2026-04-11 12:28:44,837 [INFO] [진행] 셀: 5000/7695 (남은: 2695) | 식당: 98917 (총 193577) | API: 23174/90000 | DB저장: 98792 | 세분화: 2678 | 에러: 1 | 경과: 2.7시간
2026-04-11 12:30:39,471 [INFO] [일시정지] 60초 쉬기 (API 호출 23500건)
2026-04-11 12:31:58,655 [INFO] [진행] 셀: 5100/7695 (남은: 2595) | 식당: 100509 (총 196789) | API: 23555/90000 | DB저장: 100391 | 세분화: 2716 | 에러: 1 | 경과: 2.7시간
2026-04-11 12:33:49,419 [INFO] [진행] 셀: 5200/7695 (남은: 2495) | 식당: 101863 (총 199301) | API: 23869/90000 | DB저장: 101671 | 세분화: 2746 | 에러: 1 | 경과: 2.7시간
2026-04-11 12:34:35,376 [INFO] [일시정지] 60초 쉬기 (API 호출 24000건)
2026-04-11 12:36:47,588 [INFO] [진행] 셀: 5300/7695 (남은: 2395) | 식당: 103249 (총 201979) | API: 24206/90000 | DB저장: 103106 | 세분화: 2779 | 에러: 1 | 경과: 2.8시간
2026-04-11 12:38:11,903 [INFO] [진행] 셀: 5400/7695 (남은: 2295) | 식당: 104241 (총 203627) | API: 24446/90000 | DB저장: 104045 | 세분화: 2797 | 에러: 1 | 경과: 2.8시간
2026-04-11 12:39:29,830 [INFO] [진행] 셀: 5500/7695 (남은: 2195) | 식당: 105056 (총 205196) | API: 24668/90000 | DB저장: 104908 | 세분화: 2812 | 에러: 1 | 경과: 2.8시간
2026-04-11 12:40:41,419 [INFO] [진행] 셀: 5600/7695 (남은: 2095) | 식당: 105728 (총 206464) | API: 24871/90000 | DB저장: 105620 | 세분화: 2827 | 에러: 1 | 경과: 2.9시간
2026-04-11 12:42:02,562 [INFO] [진행] 셀: 5700/7695 (남은: 1995) | 식당: 106453 (총 207966) | API: 25101/90000 | DB저장: 106254 | 세분화: 2845 | 에러: 1 | 경과: 2.9시간
2026-04-11 12:43:53,248 [INFO] [진행] 셀: 5800/7695 (남은: 1895) | 식당: 107581 (총 210330) | API: 25415/90000 | DB저장: 107441 | 세분화: 2876 | 에러: 1 | 경과: 2.9시간
2026-04-11 12:44:23,254 [INFO] [일시정지] 60초 쉬기 (API 호출 25500건)
2026-04-11 12:45:59,081 [INFO] [진행] 셀: 5900/7695 (남은: 1795) | 식당: 108329 (총 211581) | API: 25602/90000 | DB저장: 108204 | 세분화: 2888 | 에러: 1 | 경과: 3.0시간
2026-04-11 12:47:48,481 [INFO] [진행] 셀: 6000/7695 (남은: 1695) | 식당: 109661 (총 214128) | API: 25913/90000 | DB저장: 109561 | 세분화: 2916 | 에러: 1 | 경과: 3.0시간
2026-04-11 12:48:19,007 [INFO] [일시정지] 60초 쉬기 (API 호출 26000건)
2026-04-11 12:50:46,989 [INFO] [진행] 셀: 6100/7695 (남은: 1595) | 식당: 111011 (총 216792) | API: 26246/90000 | DB저장: 110906 | 세분화: 2949 | 에러: 1 | 경과: 3.0시간
2026-04-11 12:52:41,454 [INFO] [진행] 셀: 6200/7695 (남은: 1495) | 식당: 112411 (총 219446) | API: 26572/90000 | DB저장: 112231 | 세분화: 2980 | 에러: 1 | 경과: 3.1시간
2026-04-11 12:54:29,006 [INFO] [진행] 셀: 6300/7695 (남은: 1395) | 식당: 113534 (총 221813) | API: 26878/90000 | DB저장: 113389 | 세분화: 3008 | 에러: 1 | 경과: 3.1시간
2026-04-11 12:55:11,828 [INFO] [일시정지] 60초 쉬기 (API 호출 27000건)
2026-04-11 12:56:50,900 [INFO] [진행] 셀: 6400/7695 (남은: 1295) | 식당: 114526 (총 223532) | API: 27112/90000 | DB저장: 114374 | 세분화: 3026 | 에러: 1 | 경과: 3.1시간
2026-04-12 09:48:47,939 [INFO] 서울 격자: 7695개 셀 (반경 300m, overlap 1.4x)
2026-04-12 09:48:47,947 [INFO] 진행 상황 로드: 완료 셀 6400개, 식당 114526개, 이전 DB저장 114374건
2026-04-12 09:48:47,951 [INFO] 크롤링 시작 
2026-04-12 09:48:47,951 [INFO]   전체 셀: 7695 | 이미 완료: 6400 | 남은: 1295
2026-04-12 09:48:47,951 [INFO]   이미 수집된 식당 ID: 114526개
2026-04-12 09:48:47,951 [INFO]   일일 API 한도: 90,000건
2026-04-12 09:48:47,951 [INFO]   설정: radius=300m, delay=0.35s, concurrent=5
2026-04-12 09:50:20,512 [INFO] [진행] 셀: 6500/7695 (남은: -5205) | 식당: 974 (총 1702) | API: 262/90000 | DB저장: 883 | 세분화: 24 | 에러: 0 | 경과: 1.5분
2026-04-12 09:51:36,096 [INFO] [진행] 셀: 6600/7695 (남은: -5305) | 식당: 1759 (총 3108) | API: 477/90000 | DB저장: 1672 | 세분화: 39 | 에러: 0 | 경과: 2.8분
2026-04-12 09:52:44,216 [INFO] [진행] 셀: 6700/7695 (남은: -5405) | 식당: 2406 (총 4365) | API: 671/90000 | DB저장: 2356 | 세분화: 50 | 에러: 0 | 경과: 3.9분
2026-04-12 09:53:33,086 [INFO] [진행] 셀: 6800/7695 (남은: -5505) | 식당: 2793 (총 5038) | API: 810/90000 | DB저장: 2789 | 세분화: 55 | 에러: 0 | 경과: 4.8분
2026-04-12 09:54:23,993 [INFO] [진행] 셀: 6900/7695 (남은: -5605) | 식당: 3135 (총 5689) | API: 955/90000 | DB저장: 3106 | 세분화: 60 | 에러: 0 | 경과: 5.6분
2026-04-12 09:54:39,761 [INFO] [일시정지] 60초 쉬기 (API 호출 1000건)
2026-04-12 09:56:23,317 [INFO] [진행] 셀: 7000/7695 (남은: -5705) | 식당: 3563 (총 6506) | API: 1124/90000 | DB저장: 3539 | 세분화: 70 | 에러: 0 | 경과: 7.6분
2026-04-12 09:57:12,835 [INFO] [진행] 셀: 7100/7695 (남은: -5805) | 식당: 3874 (총 7082) | API: 1265/90000 | DB저장: 3869 | 세분화: 75 | 에러: 0 | 경과: 8.4분
2026-04-12 09:57:51,445 [INFO] [진행] 셀: 7200/7695 (남은: -5905) | 식당: 4017 (총 7336) | API: 1375/90000 | DB저장: 3979 | 세분화: 75 | 에러: 0 | 경과: 9.1분
2026-04-12 09:58:28,928 [INFO] [진행] 셀: 7300/7695 (남은: -6005) | 식당: 4172 (총 7578) | API: 1481/90000 | DB저장: 4081 | 세분화: 75 | 에러: 0 | 경과: 9.7분
2026-04-12 09:58:35,676 [INFO] [일시정지] 60초 쉬기 (API 호출 1500건)
2026-04-12 10:00:10,520 [INFO] [진행] 셀: 7400/7695 (남은: -6105) | 식당: 4346 (총 7900) | API: 1600/90000 | DB저장: 4302 | 세분화: 78 | 에러: 0 | 경과: 11.4분
2026-04-12 10:01:01,805 [INFO] [진행] 셀: 7500/7695 (남은: -6205) | 식당: 4756 (총 8664) | API: 1746/90000 | DB저장: 4753 | 세분화: 83 | 에러: 0 | 경과: 12.2분
2026-04-12 10:02:00,448 [INFO] [진행] 셀: 7600/7695 (남은: -6305) | 식당: 5145 (총 9438) | API: 1913/90000 | DB저장: 5120 | 세분화: 94 | 에러: 0 | 경과: 13.2분
2026-04-12 10:02:30,951 [INFO] [일시정지] 60초 쉬기 (API 호출 2000건)
2026-04-12 10:03:48,394 [INFO] ============================================================
2026-04-12 10:03:48,394 [INFO] 크롤링 완료! (전체 완료)
2026-04-12 10:03:48,394 [INFO] 최종: 셀: 7695/7695 (남은: -6400) | 식당: 5470 (총 10015) | API: 2050/90000 | DB저장: 5470 | 세분화: 99 | 에러: 0 | 경과: 15.0분
2026-04-12 10:03:48,394 [INFO] 총 수집 식당 ID: 119,996개
2026-04-12 10:03:48,394 [INFO] ============================================================
